[cpp] cc -E -x c /dev/null
[cpp] CC -E -x c++ /dev/null
[cpp] cc -Wall -E -x c /dev/null
[cpp] cc -Werror -E -x c /dev/null
[cpp] cc -Wfatal-errors -E -x c /dev/null
[cpp] cc -Wno-unknown-warning-option -E -x c /dev/null
[cpp] cc -Wstrict-prototypes -E -x c /dev/null
[cpp] cc -Wpointer-arith -E -x c /dev/null
[cpp] cc -Wbad-function-cast -E -x c /dev/null
[cpp] cc -Woverlength-strings -E -x c /dev/null
[cpp] cc -Wframe-larger-than=2047 -E -x c /dev/null
[cpp] cc -Wno-sign-compare -E -x c /dev/null
[cpp] cc -Wclobbered -E -x c /dev/null
[cpp] cc -Wempty-body -E -x c /dev/null
[cpp] cc -Wmissing-parameter-type -E -x c /dev/null
[cpp] cc -Wtype-limits -E -x c /dev/null
[cpp] cc -Wunused-parameter -E -x c /dev/null
[cpp] cc -Wunused-but-set-parameter -E -x c /dev/null
[cpp] cc -Wno-discarded-qualifiers -E -x c /dev/null
[cpp] cc -Wno-incompatible-pointer-types -E -x c /dev/null
[cpp] cc -pipe -E -x c /dev/null
[cpp] cc -fmessage-length=0 -E -x c /dev/null
[cpp] cc -fPIC -E -x c /dev/null
[ccld] cc -print-prog-name=ar
[ccld] cc -print-prog-name=ld
[ccld] cc -print-prog-name=ranlib
[ccld] cc -print-prog-name=objcopy
[cpp] cc -E -x c /dev/null
[cpp] CC -E -x c++ /dev/null
[ccld] cc -print-prog-name=ar
[ccld] cc -print-prog-name=ld
[ccld] cc -print-prog-name=ranlib
[ccld] cc -print-prog-name=objcopy
[ccld] cc -x c -static -o /dev/null -
[ccld] cc -x c -static -o /dev/null -
[cpp] cc -E -dM -
[cpp] cc -E -dM -
[cpp] cc -E -dM -
[cpp] cc -E -dM -
[cpp] cc -E -dM -
[cpp] cc -E -dM -
[cpp] cc -E -dM -
[cpp] cc -E -dM -
[cpp] cc -E -dM -
[cpp] cc -E -dM -
[cpp] cc -E -dM -
[cpp] cc -E -dM -
[cpp] cc -E -dM -
[cpp] cc -E -dM -
[cpp] cc -E -dM -
[cpp] cc -E -dM -
[cpp] cc -E -dM -
[cpp] cc -E -dM -
[cpp] cc -E -dM -
[cpp] cc -E -dM -
[cpp] cc -E -dM -
[cpp] cc -E -dM -
[cpp] cc -E -dM -
[ccld] cc -x c -o /dev/null -
[ccld] cc -x c -o /dev/null -
[ccld] cc -x c -o /dev/null -
[ccld] cc -x c -o /dev/null -
[ccld] cc -x c -o /dev/null -
[ccld] cc -x c -o /dev/null -
[ccld] cc -x c -o /dev/null -
[ccld] cc -x c -o /dev/null -
[ccld] cc -x c -o /scratch/pawsey0001/ilkhom/setonix/2024.03/software/ilkhom/build_stage/spack-stage-singularityce-4.1.0-jfmk5qptofnp7ehto5n57c2mnqy5l744/src/github.com/sylabs/singularity/builddir/makeit-intermediate/testprogs/test_nnp /scratch/pawsey0001/ilkhom/setonix/2024.03/software/ilkhom/build_stage/spack-stage-singularityce-4.1.0-jfmk5qptofnp7ehto5n57c2mnqy5l744/src/github.com/sylabs/singularity/builddir/makeit-intermediate/testprogs/test_nnp.c
[ccld] cc -x c -o /dev/null -
[ccld] cc -x c -o /dev/null -
[ccld] cc -x c -o /dev/null -
[ccld] cc -x c -o /scratch/pawsey0001/ilkhom/setonix/2024.03/software/ilkhom/build_stage/spack-stage-singularityce-4.1.0-jfmk5qptofnp7ehto5n57c2mnqy5l744/src/github.com/sylabs/singularity/builddir/makeit-intermediate/testprogs/test_ucap /scratch/pawsey0001/ilkhom/setonix/2024.03/software/ilkhom/build_stage/spack-stage-singularityce-4.1.0-jfmk5qptofnp7ehto5n57c2mnqy5l744/src/github.com/sylabs/singularity/builddir/makeit-intermediate/testprogs/test_ucap.c
[ccld] cc -x c -o /dev/null -
[ccld] cc -x c -o /dev/null -
[ccld] cc -I/scratch/pawsey0012/ilkhom/2024.03/software/linux-sles15-zen3/gcc-12.2.0/libseccomp-2.5.3-6fywgxr7veaf3pdquh3lrgvp7lj7zaqp/include -x c -o /dev/null - -lseccomp
[ccld] cc -DFUSE_USE_VERSION=32 -x c -o /dev/null -
[ccld] cc -D_FILE_OFFSET_BITS=64 -I/usr/include/fuse -x c -o /dev/null - -lfuse -pthread
[cc] cc -### -x c -c -
[cpp] cc -E -dM -m64 -I /tmp/go-build1105604723/b095/ -I/scratch/pawsey0001/ilkhom/setonix/2024.03/software/ilkhom/build_stage/spack-stage-singularityce-4.1.0-jfmk5qptofnp7ehto5n57c2mnqy5l744/src/github.com/sylabs/singularity/builddir -O2 -D_FORTIFY_SOURCE=2 -Wformat -Wformat-security -fstack-protector --param ssp-buffer-size=4 -Wall -Werror -fno-stack-protector -I . /tmp/cgo-gcc-input-173764833.c
[cc] cc -fno-caret-diagnostics -I/scratch/pawsey0001/ilkhom/setonix/2024.03/software/ilkhom/build_stage/spack-stage-singularityce-4.1.0-jfmk5qptofnp7ehto5n57c2mnqy5l744/src/github.com/sylabs/singularity/builddir -O2 -D_FORTIFY_SOURCE=2 -Wformat -Wformat-security -fstack-protector --param ssp-buffer-size=4 -c -x c - -o /dev/null
[cc] cc -Qunused-arguments -I/scratch/pawsey0001/ilkhom/setonix/2024.03/software/ilkhom/build_stage/spack-stage-singularityce-4.1.0-jfmk5qptofnp7ehto5n57c2mnqy5l744/src/github.com/sylabs/singularity/builddir -O2 -D_FORTIFY_SOURCE=2 -Wformat -Wformat-security -fstack-protector --param ssp-buffer-size=4 -c -x c - -o /dev/null
[ccld] cc -Wl,--no-gc-sections -O2 -g -x c - -o /dev/null
[cc] cc -fdebug-prefix-map=a=b -I/scratch/pawsey0001/ilkhom/setonix/2024.03/software/ilkhom/build_stage/spack-stage-singularityce-4.1.0-jfmk5qptofnp7ehto5n57c2mnqy5l744/src/github.com/sylabs/singularity/builddir -O2 -D_FORTIFY_SOURCE=2 -Wformat -Wformat-security -fstack-protector --param ssp-buffer-size=4 -c -x c - -o /dev/null
[cc] cc -gno-record-gcc-switches -I/scratch/pawsey0001/ilkhom/setonix/2024.03/software/ilkhom/build_stage/spack-stage-singularityce-4.1.0-jfmk5qptofnp7ehto5n57c2mnqy5l744/src/github.com/sylabs/singularity/builddir -O2 -D_FORTIFY_SOURCE=2 -Wformat -Wformat-security -fstack-protector --param ssp-buffer-size=4 -c -x c - -o /dev/null
[cc] cc -I /scratch/pawsey0012/ilkhom/2024.03/software/linux-sles15-zen3/gcc-12.2.0/go-1.20.4-iqsy7nco4jm6yyrkyiv7mdksporwfyou/src/runtime/cgo -fPIC -m64 -pthread -Wl,--no-gc-sections -fmessage-length=0 -fdebug-prefix-map=/tmp/go-build1105604723/b095=/tmp/go-build -gno-record-gcc-switches -I /tmp/go-build1105604723/b095/ -I/scratch/pawsey0001/ilkhom/setonix/2024.03/software/ilkhom/build_stage/spack-stage-singularityce-4.1.0-jfmk5qptofnp7ehto5n57c2mnqy5l744/src/github.com/sylabs/singularity/builddir -O2 -D_FORTIFY_SOURCE=2 -Wformat -Wformat-security -fstack-protector --param ssp-buffer-size=4 -Wall -Werror -fno-stack-protector -fdebug-prefix-map=/scratch/pawsey0012/ilkhom/2024.03/software/linux-sles15-zen3/gcc-12.2.0/go-1.20.4-iqsy7nco4jm6yyrkyiv7mdksporwfyou/src/runtime/cgo=/_/runtime/cgo -o /tmp/go-build1105604723/b095/_x001.o -c _cgo_export.c
[cc] cc -I /scratch/pawsey0012/ilkhom/2024.03/software/linux-sles15-zen3/gcc-12.2.0/go-1.20.4-iqsy7nco4jm6yyrkyiv7mdksporwfyou/src/runtime/cgo -fPIC -m64 -pthread -Wl,--no-gc-sections -fmessage-length=0 -fdebug-prefix-map=/tmp/go-build1105604723/b095=/tmp/go-build -gno-record-gcc-switches -I /tmp/go-build1105604723/b095/ -I/scratch/pawsey0001/ilkhom/setonix/2024.03/software/ilkhom/build_stage/spack-stage-singularityce-4.1.0-jfmk5qptofnp7ehto5n57c2mnqy5l744/src/github.com/sylabs/singularity/builddir -O2 -D_FORTIFY_SOURCE=2 -Wformat -Wformat-security -fstack-protector --param ssp-buffer-size=4 -Wall -Werror -fno-stack-protector -fdebug-prefix-map=/scratch/pawsey0012/ilkhom/2024.03/software/linux-sles15-zen3/gcc-12.2.0/go-1.20.4-iqsy7nco4jm6yyrkyiv7mdksporwfyou/src/runtime/cgo=/_/runtime/cgo -o /tmp/go-build1105604723/b095/_x002.o -c cgo.cgo2.c
[cc] cc -I /scratch/pawsey0012/ilkhom/2024.03/software/linux-sles15-zen3/gcc-12.2.0/go-1.20.4-iqsy7nco4jm6yyrkyiv7mdksporwfyou/src/runtime/cgo -fPIC -m64 -pthread -Wl,--no-gc-sections -fmessage-length=0 -fdebug-prefix-map=/tmp/go-build1105604723/b095=/tmp/go-build -gno-record-gcc-switches -I /tmp/go-build1105604723/b095/ -I/scratch/pawsey0001/ilkhom/setonix/2024.03/software/ilkhom/build_stage/spack-stage-singularityce-4.1.0-jfmk5qptofnp7ehto5n57c2mnqy5l744/src/github.com/sylabs/singularity/builddir -O2 -D_FORTIFY_SOURCE=2 -Wformat -Wformat-security -fstack-protector --param ssp-buffer-size=4 -Wall -Werror -fno-stack-protector -fdebug-prefix-map=/scratch/pawsey0012/ilkhom/2024.03/software/linux-sles15-zen3/gcc-12.2.0/go-1.20.4-iqsy7nco4jm6yyrkyiv7mdksporwfyou/src/runtime/cgo=/_/runtime/cgo -o /tmp/go-build1105604723/b095/_x003.o -c gcc_context.c
[cc] cc -I /scratch/pawsey0012/ilkhom/2024.03/software/linux-sles15-zen3/gcc-12.2.0/go-1.20.4-iqsy7nco4jm6yyrkyiv7mdksporwfyou/src/runtime/cgo -fPIC -m64 -pthread -Wl,--no-gc-sections -fmessage-length=0 -fdebug-prefix-map=/tmp/go-build1105604723/b095=/tmp/go-build -gno-record-gcc-switches -I /tmp/go-build1105604723/b095/ -I/scratch/pawsey0001/ilkhom/setonix/2024.03/software/ilkhom/build_stage/spack-stage-singularityce-4.1.0-jfmk5qptofnp7ehto5n57c2mnqy5l744/src/github.com/sylabs/singularity/builddir -O2 -D_FORTIFY_SOURCE=2 -Wformat -Wformat-security -fstack-protector --param ssp-buffer-size=4 -Wall -Werror -fno-stack-protector -fdebug-prefix-map=/scratch/pawsey0012/ilkhom/2024.03/software/linux-sles15-zen3/gcc-12.2.0/go-1.20.4-iqsy7nco4jm6yyrkyiv7mdksporwfyou/src/runtime/cgo=/_/runtime/cgo -o /tmp/go-build1105604723/b095/_x004.o -c gcc_fatalf.c
[cc] cc -I /scratch/pawsey0012/ilkhom/2024.03/software/linux-sles15-zen3/gcc-12.2.0/go-1.20.4-iqsy7nco4jm6yyrkyiv7mdksporwfyou/src/runtime/cgo -fPIC -m64 -pthread -Wl,--no-gc-sections -fmessage-length=0 -fdebug-prefix-map=/tmp/go-build1105604723/b095=/tmp/go-build -gno-record-gcc-switches -I /tmp/go-build1105604723/b095/ -I/scratch/pawsey0001/ilkhom/setonix/2024.03/software/ilkhom/build_stage/spack-stage-singularityce-4.1.0-jfmk5qptofnp7ehto5n57c2mnqy5l744/src/github.com/sylabs/singularity/builddir -O2 -D_FORTIFY_SOURCE=2 -Wformat -Wformat-security -fstack-protector --param ssp-buffer-size=4 -Wall -Werror -fno-stack-protector -fdebug-prefix-map=/scratch/pawsey0012/ilkhom/2024.03/software/linux-sles15-zen3/gcc-12.2.0/go-1.20.4-iqsy7nco4jm6yyrkyiv7mdksporwfyou/src/runtime/cgo=/_/runtime/cgo -o /tmp/go-build1105604723/b095/_x005.o -c gcc_libinit.c
[cc] cc -I /scratch/pawsey0012/ilkhom/2024.03/software/linux-sles15-zen3/gcc-12.2.0/go-1.20.4-iqsy7nco4jm6yyrkyiv7mdksporwfyou/src/runtime/cgo -fPIC -m64 -pthread -Wl,--no-gc-sections -fmessage-length=0 -fdebug-prefix-map=/tmp/go-build1105604723/b095=/tmp/go-build -gno-record-gcc-switches -I /tmp/go-build1105604723/b095/ -I/scratch/pawsey0001/ilkhom/setonix/2024.03/software/ilkhom/build_stage/spack-stage-singularityce-4.1.0-jfmk5qptofnp7ehto5n57c2mnqy5l744/src/github.com/sylabs/singularity/builddir -O2 -D_FORTIFY_SOURCE=2 -Wformat -Wformat-security -fstack-protector --param ssp-buffer-size=4 -Wall -Werror -fno-stack-protector -fdebug-prefix-map=/scratch/pawsey0012/ilkhom/2024.03/software/linux-sles15-zen3/gcc-12.2.0/go-1.20.4-iqsy7nco4jm6yyrkyiv7mdksporwfyou/src/runtime/cgo=/_/runtime/cgo -o /tmp/go-build1105604723/b095/_x006.o -c gcc_linux_amd64.c
[cc] cc -I /scratch/pawsey0012/ilkhom/2024.03/software/linux-sles15-zen3/gcc-12.2.0/go-1.20.4-iqsy7nco4jm6yyrkyiv7mdksporwfyou/src/runtime/cgo -fPIC -m64 -pthread -Wl,--no-gc-sections -fmessage-length=0 -fdebug-prefix-map=/tmp/go-build1105604723/b095=/tmp/go-build -gno-record-gcc-switches -I /tmp/go-build1105604723/b095/ -I/scratch/pawsey0001/ilkhom/setonix/2024.03/software/ilkhom/build_stage/spack-stage-singularityce-4.1.0-jfmk5qptofnp7ehto5n57c2mnqy5l744/src/github.com/sylabs/singularity/builddir -O2 -D_FORTIFY_SOURCE=2 -Wformat -Wformat-security -fstack-protector --param ssp-buffer-size=4 -Wall -Werror -fno-stack-protector -fdebug-prefix-map=/scratch/pawsey0012/ilkhom/2024.03/software/linux-sles15-zen3/gcc-12.2.0/go-1.20.4-iqsy7nco4jm6yyrkyiv7mdksporwfyou/src/runtime/cgo=/_/runtime/cgo -o /tmp/go-build1105604723/b095/_x007.o -c gcc_mmap.c
[cc] cc -I /scratch/pawsey0012/ilkhom/2024.03/software/linux-sles15-zen3/gcc-12.2.0/go-1.20.4-iqsy7nco4jm6yyrkyiv7mdksporwfyou/src/runtime/cgo -fPIC -m64 -pthread -Wl,--no-gc-sections -fmessage-length=0 -fdebug-prefix-map=/tmp/go-build1105604723/b095=/tmp/go-build -gno-record-gcc-switches -I /tmp/go-build1105604723/b095/ -I/scratch/pawsey0001/ilkhom/setonix/2024.03/software/ilkhom/build_stage/spack-stage-singularityce-4.1.0-jfmk5qptofnp7ehto5n57c2mnqy5l744/src/github.com/sylabs/singularity/builddir -O2 -D_FORTIFY_SOURCE=2 -Wformat -Wformat-security -fstack-protector --param ssp-buffer-size=4 -Wall -Werror -fno-stack-protector -fdebug-prefix-map=/scratch/pawsey0012/ilkhom/2024.03/software/linux-sles15-zen3/gcc-12.2.0/go-1.20.4-iqsy7nco4jm6yyrkyiv7mdksporwfyou/src/runtime/cgo=/_/runtime/cgo -o /tmp/go-build1105604723/b095/_x008.o -c gcc_setenv.c
[cc] cc -I /scratch/pawsey0012/ilkhom/2024.03/software/linux-sles15-zen3/gcc-12.2.0/go-1.20.4-iqsy7nco4jm6yyrkyiv7mdksporwfyou/src/runtime/cgo -fPIC -m64 -pthread -Wl,--no-gc-sections -fmessage-length=0 -fdebug-prefix-map=/tmp/go-build1105604723/b095=/tmp/go-build -gno-record-gcc-switches -I /tmp/go-build1105604723/b095/ -I/scratch/pawsey0001/ilkhom/setonix/2024.03/software/ilkhom/build_stage/spack-stage-singularityce-4.1.0-jfmk5qptofnp7ehto5n57c2mnqy5l744/src/github.com/sylabs/singularity/builddir -O2 -D_FORTIFY_SOURCE=2 -Wformat -Wformat-security -fstack-protector --param ssp-buffer-size=4 -Wall -Werror -fno-stack-protector -fdebug-prefix-map=/scratch/pawsey0012/ilkhom/2024.03/software/linux-sles15-zen3/gcc-12.2.0/go-1.20.4-iqsy7nco4jm6yyrkyiv7mdksporwfyou/src/runtime/cgo=/_/runtime/cgo -o /tmp/go-build1105604723/b095/_x009.o -c gcc_sigaction.c
[cc] cc -I /scratch/pawsey0012/ilkhom/2024.03/software/linux-sles15-zen3/gcc-12.2.0/go-1.20.4-iqsy7nco4jm6yyrkyiv7mdksporwfyou/src/runtime/cgo -fPIC -m64 -pthread -Wl,--no-gc-sections -fmessage-length=0 -fdebug-prefix-map=/tmp/go-build1105604723/b095=/tmp/go-build -gno-record-gcc-switches -I /tmp/go-build1105604723/b095/ -I/scratch/pawsey0001/ilkhom/setonix/2024.03/software/ilkhom/build_stage/spack-stage-singularityce-4.1.0-jfmk5qptofnp7ehto5n57c2mnqy5l744/src/github.com/sylabs/singularity/builddir -O2 -D_FORTIFY_SOURCE=2 -Wformat -Wformat-security -fstack-protector --param ssp-buffer-size=4 -Wall -Werror -fno-stack-protector -fdebug-prefix-map=/scratch/pawsey0012/ilkhom/2024.03/software/linux-sles15-zen3/gcc-12.2.0/go-1.20.4-iqsy7nco4jm6yyrkyiv7mdksporwfyou/src/runtime/cgo=/_/runtime/cgo -o /tmp/go-build1105604723/b095/_x010.o -c gcc_traceback.c
[cc] cc -I /scratch/pawsey0012/ilkhom/2024.03/software/linux-sles15-zen3/gcc-12.2.0/go-1.20.4-iqsy7nco4jm6yyrkyiv7mdksporwfyou/src/runtime/cgo -fPIC -m64 -pthread -Wl,--no-gc-sections -fmessage-length=0 -fdebug-prefix-map=/tmp/go-build1105604723/b095=/tmp/go-build -gno-record-gcc-switches -I /tmp/go-build1105604723/b095/ -I/scratch/pawsey0001/ilkhom/setonix/2024.03/software/ilkhom/build_stage/spack-stage-singularityce-4.1.0-jfmk5qptofnp7ehto5n57c2mnqy5l744/src/github.com/sylabs/singularity/builddir -O2 -D_FORTIFY_SOURCE=2 -Wformat -Wformat-security -fstack-protector --param ssp-buffer-size=4 -Wall -Werror -fno-stack-protector -fdebug-prefix-map=/scratch/pawsey0012/ilkhom/2024.03/software/linux-sles15-zen3/gcc-12.2.0/go-1.20.4-iqsy7nco4jm6yyrkyiv7mdksporwfyou/src/runtime/cgo=/_/runtime/cgo -o /tmp/go-build1105604723/b095/_x011.o -c gcc_util.c
[cc] cc -I /scratch/pawsey0012/ilkhom/2024.03/software/linux-sles15-zen3/gcc-12.2.0/go-1.20.4-iqsy7nco4jm6yyrkyiv7mdksporwfyou/src/runtime/cgo -fPIC -m64 -pthread -Wl,--no-gc-sections -fmessage-length=0 -fdebug-prefix-map=/tmp/go-build1105604723/b095=/tmp/go-build -gno-record-gcc-switches -I /tmp/go-build1105604723/b095/ -I/scratch/pawsey0001/ilkhom/setonix/2024.03/software/ilkhom/build_stage/spack-stage-singularityce-4.1.0-jfmk5qptofnp7ehto5n57c2mnqy5l744/src/github.com/sylabs/singularity/builddir -O2 -D_FORTIFY_SOURCE=2 -Wformat -Wformat-security -fstack-protector --param ssp-buffer-size=4 -Wall -Werror -fno-stack-protector -fdebug-prefix-map=/scratch/pawsey0012/ilkhom/2024.03/software/linux-sles15-zen3/gcc-12.2.0/go-1.20.4-iqsy7nco4jm6yyrkyiv7mdksporwfyou/src/runtime/cgo=/_/runtime/cgo -o /tmp/go-build1105604723/b095/_x012.o -c linux_syscall.c
[cc] cc -I /scratch/pawsey0012/ilkhom/2024.03/software/linux-sles15-zen3/gcc-12.2.0/go-1.20.4-iqsy7nco4jm6yyrkyiv7mdksporwfyou/src/runtime/cgo -fPIC -m64 -pthread -Wl,--no-gc-sections -fmessage-length=0 -fdebug-prefix-map=/tmp/go-build1105604723/b095=/tmp/go-build -gno-record-gcc-switches -I /tmp/go-build1105604723/b095/ -I/scratch/pawsey0001/ilkhom/setonix/2024.03/software/ilkhom/build_stage/spack-stage-singularityce-4.1.0-jfmk5qptofnp7ehto5n57c2mnqy5l744/src/github.com/sylabs/singularity/builddir -O2 -D_FORTIFY_SOURCE=2 -Wformat -Wformat-security -fstack-protector --param ssp-buffer-size=4 -Wall -Werror -fno-stack-protector -fdebug-prefix-map=/scratch/pawsey0012/ilkhom/2024.03/software/linux-sles15-zen3/gcc-12.2.0/go-1.20.4-iqsy7nco4jm6yyrkyiv7mdksporwfyou/src/runtime/cgo=/_/runtime/cgo -o /tmp/go-build1105604723/b095/_x013.o -c gcc_amd64.S
[cc] cc -I /scratch/pawsey0012/ilkhom/2024.03/software/linux-sles15-zen3/gcc-12.2.0/go-1.20.4-iqsy7nco4jm6yyrkyiv7mdksporwfyou/src/runtime/cgo -fPIC -m64 -pthread -Wl,--no-gc-sections -fmessage-length=0 -fdebug-prefix-map=/tmp/go-build1105604723/b095=/tmp/go-build -gno-record-gcc-switches -I /tmp/go-build1105604723/b095/ -I/scratch/pawsey0001/ilkhom/setonix/2024.03/software/ilkhom/build_stage/spack-stage-singularityce-4.1.0-jfmk5qptofnp7ehto5n57c2mnqy5l744/src/github.com/sylabs/singularity/builddir -O2 -D_FORTIFY_SOURCE=2 -Wformat -Wformat-security -fstack-protector --param ssp-buffer-size=4 -Wall -Werror -fno-stack-protector -fdebug-prefix-map=/scratch/pawsey0012/ilkhom/2024.03/software/linux-sles15-zen3/gcc-12.2.0/go-1.20.4-iqsy7nco4jm6yyrkyiv7mdksporwfyou/src/runtime/cgo=/_/runtime/cgo -o /tmp/go-build1105604723/b095/_cgo_main.o -c _cgo_main.c
[ccld] cc -I /scratch/pawsey0012/ilkhom/2024.03/software/linux-sles15-zen3/gcc-12.2.0/go-1.20.4-iqsy7nco4jm6yyrkyiv7mdksporwfyou/src/runtime/cgo -fPIC -m64 -pthread -Wl,--no-gc-sections -fmessage-length=0 -fdebug-prefix-map=/tmp/go-build1105604723/b095=/tmp/go-build -gno-record-gcc-switches -o /tmp/go-build1105604723/b095/_cgo_.o /tmp/go-build1105604723/b095/_cgo_main.o /tmp/go-build1105604723/b095/preferlinkext /tmp/go-build1105604723/b095/_x001.o /tmp/go-build1105604723/b095/_x002.o /tmp/go-build1105604723/b095/_x003.o /tmp/go-build1105604723/b095/_x004.o /tmp/go-build1105604723/b095/_x005.o /tmp/go-build1105604723/b095/_x006.o /tmp/go-build1105604723/b095/_x007.o /tmp/go-build1105604723/b095/_x008.o /tmp/go-build1105604723/b095/_x009.o /tmp/go-build1105604723/b095/_x010.o /tmp/go-build1105604723/b095/_x011.o /tmp/go-build1105604723/b095/_x012.o /tmp/go-build1105604723/b095/_x013.o -O2 -g -lpthread
[cpp] cc -E -dM -m64 -I /tmp/go-build1105604723/b515/ -I/scratch/pawsey0001/ilkhom/setonix/2024.03/software/ilkhom/build_stage/spack-stage-singularityce-4.1.0-jfmk5qptofnp7ehto5n57c2mnqy5l744/src/github.com/sylabs/singularity/builddir -O2 -D_FORTIFY_SOURCE=2 -Wformat -Wformat-security -fstack-protector --param ssp-buffer-size=4 -I . /tmp/cgo-gcc-input-829776862.c
[cpp] cc -E -dM -m64 -I /tmp/go-build1105604723/b089/ -I/scratch/pawsey0001/ilkhom/setonix/2024.03/software/ilkhom/build_stage/spack-stage-singularityce-4.1.0-jfmk5qptofnp7ehto5n57c2mnqy5l744/src/github.com/sylabs/singularity/builddir -O2 -D_FORTIFY_SOURCE=2 -Wformat -Wformat-security -fstack-protector --param ssp-buffer-size=4 -fno-stack-protector -I . /tmp/cgo-gcc-input-2728725193.c
[cc] cc -w -Wno-error -o/tmp/go-build1105604723/b515//_cgo_.o -gdwarf-2 -c -I /tmp/go-build1105604723/b515/ -I/scratch/pawsey0001/ilkhom/setonix/2024.03/software/ilkhom/build_stage/spack-stage-singularityce-4.1.0-jfmk5qptofnp7ehto5n57c2mnqy5l744/src/github.com/sylabs/singularity/builddir -D_FORTIFY_SOURCE=2 -Wformat -Wformat-security -fstack-protector --param ssp-buffer-size=4 -m64 -fno-lto -O0 -fdiagnostics-color=never -I . /tmp/cgo-gcc-input-1614955361.c
[cpp] cc -E -dM -m64 -I /tmp/go-build1105604723/b089/ -I/scratch/pawsey0001/ilkhom/setonix/2024.03/software/ilkhom/build_stage/spack-stage-singularityce-4.1.0-jfmk5qptofnp7ehto5n57c2mnqy5l744/src/github.com/sylabs/singularity/builddir -O2 -D_FORTIFY_SOURCE=2 -Wformat -Wformat-security -fstack-protector --param ssp-buffer-size=4 -fno-stack-protector -I . /tmp/cgo-gcc-input-2155084774.c
[cc] cc -w -Wno-error -o/tmp/go-build1105604723/b515//_cgo_.o -gdwarf-2 -c -I /tmp/go-build1105604723/b515/ -I/scratch/pawsey0001/ilkhom/setonix/2024.03/software/ilkhom/build_stage/spack-stage-singularityce-4.1.0-jfmk5qptofnp7ehto5n57c2mnqy5l744/src/github.com/sylabs/singularity/builddir -O2 -D_FORTIFY_SOURCE=2 -Wformat -Wformat-security -fstack-protector --param ssp-buffer-size=4 -m64 -fno-lto -I . /tmp/cgo-gcc-input-303427497.c
[cc] cc -w -Wno-error -o/tmp/go-build1105604723/b089//_cgo_.o -gdwarf-2 -c -I /tmp/go-build1105604723/b089/ -I/scratch/pawsey0001/ilkhom/setonix/2024.03/software/ilkhom/build_stage/spack-stage-singularityce-4.1.0-jfmk5qptofnp7ehto5n57c2mnqy5l744/src/github.com/sylabs/singularity/builddir -D_FORTIFY_SOURCE=2 -Wformat -Wformat-security -fstack-protector --param ssp-buffer-size=4 -fno-stack-protector -m64 -fno-lto -O0 -fdiagnostics-color=never -I . /tmp/cgo-gcc-input-333924168.c
[cc] cc -w -Wno-error -o/tmp/go-build1105604723/b515//_cgo_.o -gdwarf-2 -c -I /tmp/go-build1105604723/b515/ -I/scratch/pawsey0001/ilkhom/setonix/2024.03/software/ilkhom/build_stage/spack-stage-singularityce-4.1.0-jfmk5qptofnp7ehto5n57c2mnqy5l744/src/github.com/sylabs/singularity/builddir -D_FORTIFY_SOURCE=2 -Wformat -Wformat-security -fstack-protector --param ssp-buffer-size=4 -m64 -fno-lto -O0 -fdiagnostics-color=never -I . /tmp/cgo-gcc-input-3800488250.c
[cpp] cc -E -dM -m64 -I /tmp/go-build1105604723/b163/ -I/scratch/pawsey0001/ilkhom/setonix/2024.03/software/ilkhom/build_stage/spack-stage-singularityce-4.1.0-jfmk5qptofnp7ehto5n57c2mnqy5l744/src/github.com/sylabs/singularity/builddir -O2 -D_FORTIFY_SOURCE=2 -Wformat -Wformat-security -fstack-protector --param ssp-buffer-size=4 -fno-stack-protector -I . /tmp/cgo-gcc-input-3696698932.c
[cc] cc -w -Wno-error -o/tmp/go-build1105604723/b089//_cgo_.o -gdwarf-2 -c -I /tmp/go-build1105604723/b089/ -I/scratch/pawsey0001/ilkhom/setonix/2024.03/software/ilkhom/build_stage/spack-stage-singularityce-4.1.0-jfmk5qptofnp7ehto5n57c2mnqy5l744/src/github.com/sylabs/singularity/builddir -O2 -D_FORTIFY_SOURCE=2 -Wformat -Wformat-security -fstack-protector --param ssp-buffer-size=4 -fno-stack-protector -m64 -fno-lto -I . /tmp/cgo-gcc-input-3071023026.c
[cpp] cc -E -dM -m64 -I/scratch/pawsey0012/ilkhom/2024.03/software/linux-sles15-zen3/gcc-12.2.0/libseccomp-2.5.3-6fywgxr7veaf3pdquh3lrgvp7lj7zaqp/include -I /tmp/go-build1105604723/b338/ -I/scratch/pawsey0001/ilkhom/setonix/2024.03/software/ilkhom/build_stage/spack-stage-singularityce-4.1.0-jfmk5qptofnp7ehto5n57c2mnqy5l744/src/github.com/sylabs/singularity/builddir -O2 -D_FORTIFY_SOURCE=2 -Wformat -Wformat-security -fstack-protector --param ssp-buffer-size=4 -I . /tmp/cgo-gcc-input-1165303832.c
[cc] cc -w -Wno-error -o/tmp/go-build1105604723/b089//_cgo_.o -gdwarf-2 -c -I /tmp/go-build1105604723/b089/ -I/scratch/pawsey0001/ilkhom/setonix/2024.03/software/ilkhom/build_stage/spack-stage-singularityce-4.1.0-jfmk5qptofnp7ehto5n57c2mnqy5l744/src/github.com/sylabs/singularity/builddir -D_FORTIFY_SOURCE=2 -Wformat -Wformat-security -fstack-protector --param ssp-buffer-size=4 -fno-stack-protector -m64 -fno-lto -O0 -fdiagnostics-color=never -I . /tmp/cgo-gcc-input-1445417428.c
[cc] cc -w -Wno-error -o/tmp/go-build1105604723/b163//_cgo_.o -gdwarf-2 -c -I /tmp/go-build1105604723/b163/ -I/scratch/pawsey0001/ilkhom/setonix/2024.03/software/ilkhom/build_stage/spack-stage-singularityce-4.1.0-jfmk5qptofnp7ehto5n57c2mnqy5l744/src/github.com/sylabs/singularity/builddir -D_FORTIFY_SOURCE=2 -Wformat -Wformat-security -fstack-protector --param ssp-buffer-size=4 -fno-stack-protector -m64 -fno-lto -O0 -fdiagnostics-color=never -I . /tmp/cgo-gcc-input-149441315.c
[cc] cc -w -Wno-error -o/tmp/go-build1105604723/b515//_cgo_.o -gdwarf-2 -c -I /tmp/go-build1105604723/b515/ -I/scratch/pawsey0001/ilkhom/setonix/2024.03/software/ilkhom/build_stage/spack-stage-singularityce-4.1.0-jfmk5qptofnp7ehto5n57c2mnqy5l744/src/github.com/sylabs/singularity/builddir -O2 -D_FORTIFY_SOURCE=2 -Wformat -Wformat-security -fstack-protector --param ssp-buffer-size=4 -m64 -fno-lto -I . /tmp/cgo-gcc-input-4262611466.c
[cc] cc -w -Wno-error -o/tmp/go-build1105604723/b338//_cgo_.o -gdwarf-2 -c -I/scratch/pawsey0012/ilkhom/2024.03/software/linux-sles15-zen3/gcc-12.2.0/libseccomp-2.5.3-6fywgxr7veaf3pdquh3lrgvp7lj7zaqp/include -I /tmp/go-build1105604723/b338/ -I/scratch/pawsey0001/ilkhom/setonix/2024.03/software/ilkhom/build_stage/spack-stage-singularityce-4.1.0-jfmk5qptofnp7ehto5n57c2mnqy5l744/src/github.com/sylabs/singularity/builddir -D_FORTIFY_SOURCE=2 -Wformat -Wformat-security -fstack-protector --param ssp-buffer-size=4 -m64 -fno-lto -O0 -fdiagnostics-color=never -I . /tmp/cgo-gcc-input-3893870488.c
[cc] cc -w -Wno-error -o/tmp/go-build1105604723/b089//_cgo_.o -gdwarf-2 -c -I /tmp/go-build1105604723/b089/ -I/scratch/pawsey0001/ilkhom/setonix/2024.03/software/ilkhom/build_stage/spack-stage-singularityce-4.1.0-jfmk5qptofnp7ehto5n57c2mnqy5l744/src/github.com/sylabs/singularity/builddir -O2 -D_FORTIFY_SOURCE=2 -Wformat -Wformat-security -fstack-protector --param ssp-buffer-size=4 -fno-stack-protector -m64 -fno-lto -I . /tmp/cgo-gcc-input-4032299815.c
[cc] cc -I /scratch/pawsey0012/ilkhom/2024.03/software/linux-sles15-zen3/gcc-12.2.0/go-1.20.4-iqsy7nco4jm6yyrkyiv7mdksporwfyou/src/plugin -fPIC -m64 -pthread -Wl,--no-gc-sections -fmessage-length=0 -fdebug-prefix-map=/tmp/go-build1105604723/b515=/tmp/go-build -gno-record-gcc-switches -I /tmp/go-build1105604723/b515/ -I/scratch/pawsey0001/ilkhom/setonix/2024.03/software/ilkhom/build_stage/spack-stage-singularityce-4.1.0-jfmk5qptofnp7ehto5n57c2mnqy5l744/src/github.com/sylabs/singularity/builddir -O2 -D_FORTIFY_SOURCE=2 -Wformat -Wformat-security -fstack-protector --param ssp-buffer-size=4 -fdebug-prefix-map=/scratch/pawsey0012/ilkhom/2024.03/software/linux-sles15-zen3/gcc-12.2.0/go-1.20.4-iqsy7nco4jm6yyrkyiv7mdksporwfyou/src/plugin=/_/plugin -o /tmp/go-build1105604723/b515/_x001.o -c _cgo_export.c
[cpp] cc -E -dM -m64 -I /tmp/go-build1105604723/b861/ -I/scratch/pawsey0001/ilkhom/setonix/2024.03/software/ilkhom/build_stage/spack-stage-singularityce-4.1.0-jfmk5qptofnp7ehto5n57c2mnqy5l744/src/github.com/sylabs/singularity/builddir -O2 -D_FORTIFY_SOURCE=2 -Wformat -Wformat-security -fstack-protector --param ssp-buffer-size=4 -I . /tmp/cgo-gcc-input-1298484884.c
[cc] cc -w -Wno-error -o/tmp/go-build1105604723/b163//_cgo_.o -gdwarf-2 -c -I /tmp/go-build1105604723/b163/ -I/scratch/pawsey0001/ilkhom/setonix/2024.03/software/ilkhom/build_stage/spack-stage-singularityce-4.1.0-jfmk5qptofnp7ehto5n57c2mnqy5l744/src/github.com/sylabs/singularity/builddir -O2 -D_FORTIFY_SOURCE=2 -Wformat -Wformat-security -fstack-protector --param ssp-buffer-size=4 -fno-stack-protector -m64 -fno-lto -I . /tmp/cgo-gcc-input-3540795752.c
[cpp] cc -E -dM -m64 -I /tmp/go-build1105604723/b089/ -I/scratch/pawsey0001/ilkhom/setonix/2024.03/software/ilkhom/build_stage/spack-stage-singularityce-4.1.0-jfmk5qptofnp7ehto5n57c2mnqy5l744/src/github.com/sylabs/singularity/builddir -O2 -D_FORTIFY_SOURCE=2 -Wformat -Wformat-security -fstack-protector --param ssp-buffer-size=4 -fno-stack-protector -I . /tmp/cgo-gcc-input-273463145.c
[cc] cc -w -Wno-error -o/tmp/go-build1105604723/b861//_cgo_.o -gdwarf-2 -c -I /tmp/go-build1105604723/b861/ -I/scratch/pawsey0001/ilkhom/setonix/2024.03/software/ilkhom/build_stage/spack-stage-singularityce-4.1.0-jfmk5qptofnp7ehto5n57c2mnqy5l744/src/github.com/sylabs/singularity/builddir -D_FORTIFY_SOURCE=2 -Wformat -Wformat-security -fstack-protector --param ssp-buffer-size=4 -m64 -fno-lto -O0 -fdiagnostics-color=never -I . /tmp/cgo-gcc-input-3387769058.c
[cc] cc -I /scratch/pawsey0012/ilkhom/2024.03/software/linux-sles15-zen3/gcc-12.2.0/go-1.20.4-iqsy7nco4jm6yyrkyiv7mdksporwfyou/src/plugin -fPIC -m64 -pthread -Wl,--no-gc-sections -fmessage-length=0 -fdebug-prefix-map=/tmp/go-build1105604723/b515=/tmp/go-build -gno-record-gcc-switches -I /tmp/go-build1105604723/b515/ -I/scratch/pawsey0001/ilkhom/setonix/2024.03/software/ilkhom/build_stage/spack-stage-singularityce-4.1.0-jfmk5qptofnp7ehto5n57c2mnqy5l744/src/github.com/sylabs/singularity/builddir -O2 -D_FORTIFY_SOURCE=2 -Wformat -Wformat-security -fstack-protector --param ssp-buffer-size=4 -fdebug-prefix-map=/scratch/pawsey0012/ilkhom/2024.03/software/linux-sles15-zen3/gcc-12.2.0/go-1.20.4-iqsy7nco4jm6yyrkyiv7mdksporwfyou/src/plugin=/_/plugin -o /tmp/go-build1105604723/b515/_x002.o -c plugin_dlopen.cgo2.c
[cc] cc -w -Wno-error -o/tmp/go-build1105604723/b163//_cgo_.o -gdwarf-2 -c -I /tmp/go-build1105604723/b163/ -I/scratch/pawsey0001/ilkhom/setonix/2024.03/software/ilkhom/build_stage/spack-stage-singularityce-4.1.0-jfmk5qptofnp7ehto5n57c2mnqy5l744/src/github.com/sylabs/singularity/builddir -D_FORTIFY_SOURCE=2 -Wformat -Wformat-security -fstack-protector --param ssp-buffer-size=4 -fno-stack-protector -m64 -fno-lto -O0 -fdiagnostics-color=never -I . /tmp/cgo-gcc-input-2862004577.c
[cc] cc -w -Wno-error -o/tmp/go-build1105604723/b089//_cgo_.o -gdwarf-2 -c -I /tmp/go-build1105604723/b089/ -I/scratch/pawsey0001/ilkhom/setonix/2024.03/software/ilkhom/build_stage/spack-stage-singularityce-4.1.0-jfmk5qptofnp7ehto5n57c2mnqy5l744/src/github.com/sylabs/singularity/builddir -O2 -D_FORTIFY_SOURCE=2 -Wformat -Wformat-security -fstack-protector --param ssp-buffer-size=4 -fno-stack-protector -m64 -fno-lto -I . /tmp/cgo-gcc-input-824728172.c
[cc] cc -w -Wno-error -o/tmp/go-build1105604723/b861//_cgo_.o -gdwarf-2 -c -I /tmp/go-build1105604723/b861/ -I/scratch/pawsey0001/ilkhom/setonix/2024.03/software/ilkhom/build_stage/spack-stage-singularityce-4.1.0-jfmk5qptofnp7ehto5n57c2mnqy5l744/src/github.com/sylabs/singularity/builddir -O2 -D_FORTIFY_SOURCE=2 -Wformat -Wformat-security -fstack-protector --param ssp-buffer-size=4 -m64 -fno-lto -I . /tmp/cgo-gcc-input-1917805998.c
[cc] cc -w -Wno-error -o/tmp/go-build1105604723/b338//_cgo_.o -gdwarf-2 -c -I/scratch/pawsey0012/ilkhom/2024.03/software/linux-sles15-zen3/gcc-12.2.0/libseccomp-2.5.3-6fywgxr7veaf3pdquh3lrgvp7lj7zaqp/include -I /tmp/go-build1105604723/b338/ -I/scratch/pawsey0001/ilkhom/setonix/2024.03/software/ilkhom/build_stage/spack-stage-singularityce-4.1.0-jfmk5qptofnp7ehto5n57c2mnqy5l744/src/github.com/sylabs/singularity/builddir -O2 -D_FORTIFY_SOURCE=2 -Wformat -Wformat-security -fstack-protector --param ssp-buffer-size=4 -m64 -fno-lto -I . /tmp/cgo-gcc-input-3475850780.c
[cc] cc -I /scratch/pawsey0012/ilkhom/2024.03/software/linux-sles15-zen3/gcc-12.2.0/go-1.20.4-iqsy7nco4jm6yyrkyiv7mdksporwfyou/src/plugin -fPIC -m64 -pthread -Wl,--no-gc-sections -fmessage-length=0 -fdebug-prefix-map=/tmp/go-build1105604723/b515=/tmp/go-build -gno-record-gcc-switches -I /tmp/go-build1105604723/b515/ -I/scratch/pawsey0001/ilkhom/setonix/2024.03/software/ilkhom/build_stage/spack-stage-singularityce-4.1.0-jfmk5qptofnp7ehto5n57c2mnqy5l744/src/github.com/sylabs/singularity/builddir -O2 -D_FORTIFY_SOURCE=2 -Wformat -Wformat-security -fstack-protector --param ssp-buffer-size=4 -fdebug-prefix-map=/scratch/pawsey0012/ilkhom/2024.03/software/linux-sles15-zen3/gcc-12.2.0/go-1.20.4-iqsy7nco4jm6yyrkyiv7mdksporwfyou/src/plugin=/_/plugin -o /tmp/go-build1105604723/b515/_cgo_main.o -c _cgo_main.c
[cc] cc -w -Wno-error -o/tmp/go-build1105604723/b089//_cgo_.o -gdwarf-2 -c -I /tmp/go-build1105604723/b089/ -I/scratch/pawsey0001/ilkhom/setonix/2024.03/software/ilkhom/build_stage/spack-stage-singularityce-4.1.0-jfmk5qptofnp7ehto5n57c2mnqy5l744/src/github.com/sylabs/singularity/builddir -D_FORTIFY_SOURCE=2 -Wformat -Wformat-security -fstack-protector --param ssp-buffer-size=4 -fno-stack-protector -m64 -fno-lto -O0 -fdiagnostics-color=never -I . /tmp/cgo-gcc-input-2127398802.c
[cc] cc -w -Wno-error -o/tmp/go-build1105604723/b163//_cgo_.o -gdwarf-2 -c -I /tmp/go-build1105604723/b163/ -I/scratch/pawsey0001/ilkhom/setonix/2024.03/software/ilkhom/build_stage/spack-stage-singularityce-4.1.0-jfmk5qptofnp7ehto5n57c2mnqy5l744/src/github.com/sylabs/singularity/builddir -O2 -D_FORTIFY_SOURCE=2 -Wformat -Wformat-security -fstack-protector --param ssp-buffer-size=4 -fno-stack-protector -m64 -fno-lto -I . /tmp/cgo-gcc-input-4184415780.c
[cc] cc -I /scratch/pawsey0001/ilkhom/setonix/2024.03/software/ilkhom/build_stage/spack-stage-singularityce-4.1.0-jfmk5qptofnp7ehto5n57c2mnqy5l744/src/github.com/sylabs/singularity/internal/pkg/util/signal -fPIC -m64 -pthread -Wl,--no-gc-sections -fmessage-length=0 -fdebug-prefix-map=/tmp/go-build1105604723/b861=/tmp/go-build -gno-record-gcc-switches -I /tmp/go-build1105604723/b861/ -I/scratch/pawsey0001/ilkhom/setonix/2024.03/software/ilkhom/build_stage/spack-stage-singularityce-4.1.0-jfmk5qptofnp7ehto5n57c2mnqy5l744/src/github.com/sylabs/singularity/builddir -O2 -D_FORTIFY_SOURCE=2 -Wformat -Wformat-security -fstack-protector --param ssp-buffer-size=4 -fdebug-prefix-map=/scratch/pawsey0001/ilkhom/setonix/2024.03/software/ilkhom/build_stage/spack-stage-singularityce-4.1.0-jfmk5qptofnp7ehto5n57c2mnqy5l744/src/github.com/sylabs/singularity=/_/github.com/sylabs/singularity/v4@ -o /tmp/go-build1105604723/b861/_x001.o -c _cgo_export.c
[cc] cc -w -Wno-error -o/tmp/go-build1105604723/b338//_cgo_.o -gdwarf-2 -c -I/scratch/pawsey0012/ilkhom/2024.03/software/linux-sles15-zen3/gcc-12.2.0/libseccomp-2.5.3-6fywgxr7veaf3pdquh3lrgvp7lj7zaqp/include -I /tmp/go-build1105604723/b338/ -I/scratch/pawsey0001/ilkhom/setonix/2024.03/software/ilkhom/build_stage/spack-stage-singularityce-4.1.0-jfmk5qptofnp7ehto5n57c2mnqy5l744/src/github.com/sylabs/singularity/builddir -D_FORTIFY_SOURCE=2 -Wformat -Wformat-security -fstack-protector --param ssp-buffer-size=4 -m64 -fno-lto -O0 -fdiagnostics-color=never -I . /tmp/cgo-gcc-input-1501308219.c
[ccld] cc -I /scratch/pawsey0012/ilkhom/2024.03/software/linux-sles15-zen3/gcc-12.2.0/go-1.20.4-iqsy7nco4jm6yyrkyiv7mdksporwfyou/src/plugin -fPIC -m64 -pthread -Wl,--no-gc-sections -fmessage-length=0 -fdebug-prefix-map=/tmp/go-build1105604723/b515=/tmp/go-build -gno-record-gcc-switches -o /tmp/go-build1105604723/b515/_cgo_.o /tmp/go-build1105604723/b515/_cgo_main.o /tmp/go-build1105604723/b515/preferlinkext /tmp/go-build1105604723/b515/_x001.o /tmp/go-build1105604723/b515/_x002.o -O2 -g -ldl
[cc] cc -w -Wno-error -o/tmp/go-build1105604723/b089//_cgo_.o -gdwarf-2 -c -I /tmp/go-build1105604723/b089/ -I/scratch/pawsey0001/ilkhom/setonix/2024.03/software/ilkhom/build_stage/spack-stage-singularityce-4.1.0-jfmk5qptofnp7ehto5n57c2mnqy5l744/src/github.com/sylabs/singularity/builddir -O2 -D_FORTIFY_SOURCE=2 -Wformat -Wformat-security -fstack-protector --param ssp-buffer-size=4 -fno-stack-protector -m64 -fno-lto -I . /tmp/cgo-gcc-input-166285200.c
[cc] cc -I /scratch/pawsey0001/ilkhom/setonix/2024.03/software/ilkhom/build_stage/spack-stage-singularityce-4.1.0-jfmk5qptofnp7ehto5n57c2mnqy5l744/src/github.com/sylabs/singularity/internal/pkg/util/signal -fPIC -m64 -pthread -Wl,--no-gc-sections -fmessage-length=0 -fdebug-prefix-map=/tmp/go-build1105604723/b861=/tmp/go-build -gno-record-gcc-switches -I /tmp/go-build1105604723/b861/ -I/scratch/pawsey0001/ilkhom/setonix/2024.03/software/ilkhom/build_stage/spack-stage-singularityce-4.1.0-jfmk5qptofnp7ehto5n57c2mnqy5l744/src/github.com/sylabs/singularity/builddir -O2 -D_FORTIFY_SOURCE=2 -Wformat -Wformat-security -fstack-protector --param ssp-buffer-size=4 -fdebug-prefix-map=/scratch/pawsey0001/ilkhom/setonix/2024.03/software/ilkhom/build_stage/spack-stage-singularityce-4.1.0-jfmk5qptofnp7ehto5n57c2mnqy5l744/src/github.com/sylabs/singularity=/_/github.com/sylabs/singularity/v4@ -o /tmp/go-build1105604723/b861/_x002.o -c signal_linux.cgo2.c
[cpp] cc -E -dM -m64 -I /tmp/go-build1105604723/b163/ -I/scratch/pawsey0001/ilkhom/setonix/2024.03/software/ilkhom/build_stage/spack-stage-singularityce-4.1.0-jfmk5qptofnp7ehto5n57c2mnqy5l744/src/github.com/sylabs/singularity/builddir -O2 -D_FORTIFY_SOURCE=2 -Wformat -Wformat-security -fstack-protector --param ssp-buffer-size=4 -fno-stack-protector -I . /tmp/cgo-gcc-input-656822903.c
[cpp] cc -E -dM -m64 -I /tmp/go-build1105604723/b089/ -I/scratch/pawsey0001/ilkhom/setonix/2024.03/software/ilkhom/build_stage/spack-stage-singularityce-4.1.0-jfmk5qptofnp7ehto5n57c2mnqy5l744/src/github.com/sylabs/singularity/builddir -O2 -D_FORTIFY_SOURCE=2 -Wformat -Wformat-security -fstack-protector --param ssp-buffer-size=4 -fno-stack-protector -I . /tmp/cgo-gcc-input-3585938538.c
[cc] cc -w -Wno-error -o/tmp/go-build1105604723/b163//_cgo_.o -gdwarf-2 -c -I /tmp/go-build1105604723/b163/ -I/scratch/pawsey0001/ilkhom/setonix/2024.03/software/ilkhom/build_stage/spack-stage-singularityce-4.1.0-jfmk5qptofnp7ehto5n57c2mnqy5l744/src/github.com/sylabs/singularity/builddir -D_FORTIFY_SOURCE=2 -Wformat -Wformat-security -fstack-protector --param ssp-buffer-size=4 -fno-stack-protector -m64 -fno-lto -O0 -fdiagnostics-color=never -I . /tmp/cgo-gcc-input-3380297875.c
[cc] cc -I /scratch/pawsey0001/ilkhom/setonix/2024.03/software/ilkhom/build_stage/spack-stage-singularityce-4.1.0-jfmk5qptofnp7ehto5n57c2mnqy5l744/src/github.com/sylabs/singularity/internal/pkg/util/signal -fPIC -m64 -pthread -Wl,--no-gc-sections -fmessage-length=0 -fdebug-prefix-map=/tmp/go-build1105604723/b861=/tmp/go-build -gno-record-gcc-switches -I /tmp/go-build1105604723/b861/ -I/scratch/pawsey0001/ilkhom/setonix/2024.03/software/ilkhom/build_stage/spack-stage-singularityce-4.1.0-jfmk5qptofnp7ehto5n57c2mnqy5l744/src/github.com/sylabs/singularity/builddir -O2 -D_FORTIFY_SOURCE=2 -Wformat -Wformat-security -fstack-protector --param ssp-buffer-size=4 -fdebug-prefix-map=/scratch/pawsey0001/ilkhom/setonix/2024.03/software/ilkhom/build_stage/spack-stage-singularityce-4.1.0-jfmk5qptofnp7ehto5n57c2mnqy5l744/src/github.com/sylabs/singularity=/_/github.com/sylabs/singularity/v4@ -o /tmp/go-build1105604723/b861/_cgo_main.o -c _cgo_main.c
[cc] cc -w -Wno-error -o/tmp/go-build1105604723/b089//_cgo_.o -gdwarf-2 -c -I /tmp/go-build1105604723/b089/ -I/scratch/pawsey0001/ilkhom/setonix/2024.03/software/ilkhom/build_stage/spack-stage-singularityce-4.1.0-jfmk5qptofnp7ehto5n57c2mnqy5l744/src/github.com/sylabs/singularity/builddir -D_FORTIFY_SOURCE=2 -Wformat -Wformat-security -fstack-protector --param ssp-buffer-size=4 -fno-stack-protector -m64 -fno-lto -O0 -fdiagnostics-color=never -I . /tmp/cgo-gcc-input-2422810011.c
[cc] cc -w -Wno-error -o/tmp/go-build1105604723/b163//_cgo_.o -gdwarf-2 -c -I /tmp/go-build1105604723/b163/ -I/scratch/pawsey0001/ilkhom/setonix/2024.03/software/ilkhom/build_stage/spack-stage-singularityce-4.1.0-jfmk5qptofnp7ehto5n57c2mnqy5l744/src/github.com/sylabs/singularity/builddir -O2 -D_FORTIFY_SOURCE=2 -Wformat -Wformat-security -fstack-protector --param ssp-buffer-size=4 -fno-stack-protector -m64 -fno-lto -I . /tmp/cgo-gcc-input-585631239.c
[cc] cc -w -Wno-error -o/tmp/go-build1105604723/b338//_cgo_.o -gdwarf-2 -c -I/scratch/pawsey0012/ilkhom/2024.03/software/linux-sles15-zen3/gcc-12.2.0/libseccomp-2.5.3-6fywgxr7veaf3pdquh3lrgvp7lj7zaqp/include -I /tmp/go-build1105604723/b338/ -I/scratch/pawsey0001/ilkhom/setonix/2024.03/software/ilkhom/build_stage/spack-stage-singularityce-4.1.0-jfmk5qptofnp7ehto5n57c2mnqy5l744/src/github.com/sylabs/singularity/builddir -O2 -D_FORTIFY_SOURCE=2 -Wformat -Wformat-security -fstack-protector --param ssp-buffer-size=4 -m64 -fno-lto -I . /tmp/cgo-gcc-input-2890868669.c
[ccld] cc -I /scratch/pawsey0001/ilkhom/setonix/2024.03/software/ilkhom/build_stage/spack-stage-singularityce-4.1.0-jfmk5qptofnp7ehto5n57c2mnqy5l744/src/github.com/sylabs/singularity/internal/pkg/util/signal -fPIC -m64 -pthread -Wl,--no-gc-sections -fmessage-length=0 -fdebug-prefix-map=/tmp/go-build1105604723/b861=/tmp/go-build -gno-record-gcc-switches -o /tmp/go-build1105604723/b861/_cgo_.o /tmp/go-build1105604723/b861/_cgo_main.o /tmp/go-build1105604723/b861/preferlinkext /tmp/go-build1105604723/b861/_x001.o /tmp/go-build1105604723/b861/_x002.o -O2 -g
[cc] cc -w -Wno-error -o/tmp/go-build1105604723/b163//_cgo_.o -gdwarf-2 -c -I /tmp/go-build1105604723/b163/ -I/scratch/pawsey0001/ilkhom/setonix/2024.03/software/ilkhom/build_stage/spack-stage-singularityce-4.1.0-jfmk5qptofnp7ehto5n57c2mnqy5l744/src/github.com/sylabs/singularity/builddir -D_FORTIFY_SOURCE=2 -Wformat -Wformat-security -fstack-protector --param ssp-buffer-size=4 -fno-stack-protector -m64 -fno-lto -O0 -fdiagnostics-color=never -I . /tmp/cgo-gcc-input-1473000172.c
[cpp] cc -E -dM -m64 -I/scratch/pawsey0012/ilkhom/2024.03/software/linux-sles15-zen3/gcc-12.2.0/libseccomp-2.5.3-6fywgxr7veaf3pdquh3lrgvp7lj7zaqp/include -I /tmp/go-build1105604723/b338/ -I/scratch/pawsey0001/ilkhom/setonix/2024.03/software/ilkhom/build_stage/spack-stage-singularityce-4.1.0-jfmk5qptofnp7ehto5n57c2mnqy5l744/src/github.com/sylabs/singularity/builddir -O2 -D_FORTIFY_SOURCE=2 -Wformat -Wformat-security -fstack-protector --param ssp-buffer-size=4 -I . /tmp/cgo-gcc-input-877468307.c
[cc] cc -w -Wno-error -o/tmp/go-build1105604723/b089//_cgo_.o -gdwarf-2 -c -I /tmp/go-build1105604723/b089/ -I/scratch/pawsey0001/ilkhom/setonix/2024.03/software/ilkhom/build_stage/spack-stage-singularityce-4.1.0-jfmk5qptofnp7ehto5n57c2mnqy5l744/src/github.com/sylabs/singularity/builddir -O2 -D_FORTIFY_SOURCE=2 -Wformat -Wformat-security -fstack-protector --param ssp-buffer-size=4 -fno-stack-protector -m64 -fno-lto -I . /tmp/cgo-gcc-input-3503681442.c
[cc] cc -w -Wno-error -o/tmp/go-build1105604723/b163//_cgo_.o -gdwarf-2 -c -I /tmp/go-build1105604723/b163/ -I/scratch/pawsey0001/ilkhom/setonix/2024.03/software/ilkhom/build_stage/spack-stage-singularityce-4.1.0-jfmk5qptofnp7ehto5n57c2mnqy5l744/src/github.com/sylabs/singularity/builddir -O2 -D_FORTIFY_SOURCE=2 -Wformat -Wformat-security -fstack-protector --param ssp-buffer-size=4 -fno-stack-protector -m64 -fno-lto -I . /tmp/cgo-gcc-input-2629278652.c
[cc] cc -w -Wno-error -o/tmp/go-build1105604723/b338//_cgo_.o -gdwarf-2 -c -I/scratch/pawsey0012/ilkhom/2024.03/software/linux-sles15-zen3/gcc-12.2.0/libseccomp-2.5.3-6fywgxr7veaf3pdquh3lrgvp7lj7zaqp/include -I /tmp/go-build1105604723/b338/ -I/scratch/pawsey0001/ilkhom/setonix/2024.03/software/ilkhom/build_stage/spack-stage-singularityce-4.1.0-jfmk5qptofnp7ehto5n57c2mnqy5l744/src/github.com/sylabs/singularity/builddir -D_FORTIFY_SOURCE=2 -Wformat -Wformat-security -fstack-protector --param ssp-buffer-size=4 -m64 -fno-lto -O0 -fdiagnostics-color=never -I . /tmp/cgo-gcc-input-584459599.c
[cc] cc -w -Wno-error -o/tmp/go-build1105604723/b089//_cgo_.o -gdwarf-2 -c -I /tmp/go-build1105604723/b089/ -I/scratch/pawsey0001/ilkhom/setonix/2024.03/software/ilkhom/build_stage/spack-stage-singularityce-4.1.0-jfmk5qptofnp7ehto5n57c2mnqy5l744/src/github.com/sylabs/singularity/builddir -D_FORTIFY_SOURCE=2 -Wformat -Wformat-security -fstack-protector --param ssp-buffer-size=4 -fno-stack-protector -m64 -fno-lto -O0 -fdiagnostics-color=never -I . /tmp/cgo-gcc-input-4105041895.c
[cc] cc -I /scratch/pawsey0012/ilkhom/2024.03/software/linux-sles15-zen3/gcc-12.2.0/go-1.20.4-iqsy7nco4jm6yyrkyiv7mdksporwfyou/src/os/user -fPIC -m64 -pthread -Wl,--no-gc-sections -fmessage-length=0 -fdebug-prefix-map=/tmp/go-build1105604723/b163=/tmp/go-build -gno-record-gcc-switches -I /tmp/go-build1105604723/b163/ -I/scratch/pawsey0001/ilkhom/setonix/2024.03/software/ilkhom/build_stage/spack-stage-singularityce-4.1.0-jfmk5qptofnp7ehto5n57c2mnqy5l744/src/github.com/sylabs/singularity/builddir -O2 -D_FORTIFY_SOURCE=2 -Wformat -Wformat-security -fstack-protector --param ssp-buffer-size=4 -fno-stack-protector -fdebug-prefix-map=/scratch/pawsey0012/ilkhom/2024.03/software/linux-sles15-zen3/gcc-12.2.0/go-1.20.4-iqsy7nco4jm6yyrkyiv7mdksporwfyou/src/os/user=/_/os/user -o /tmp/go-build1105604723/b163/_x001.o -c _cgo_export.c
[cc] cc -I /scratch/pawsey0012/ilkhom/2024.03/software/linux-sles15-zen3/gcc-12.2.0/go-1.20.4-iqsy7nco4jm6yyrkyiv7mdksporwfyou/src/os/user -fPIC -m64 -pthread -Wl,--no-gc-sections -fmessage-length=0 -fdebug-prefix-map=/tmp/go-build1105604723/b163=/tmp/go-build -gno-record-gcc-switches -I /tmp/go-build1105604723/b163/ -I/scratch/pawsey0001/ilkhom/setonix/2024.03/software/ilkhom/build_stage/spack-stage-singularityce-4.1.0-jfmk5qptofnp7ehto5n57c2mnqy5l744/src/github.com/sylabs/singularity/builddir -O2 -D_FORTIFY_SOURCE=2 -Wformat -Wformat-security -fstack-protector --param ssp-buffer-size=4 -fno-stack-protector -fdebug-prefix-map=/scratch/pawsey0012/ilkhom/2024.03/software/linux-sles15-zen3/gcc-12.2.0/go-1.20.4-iqsy7nco4jm6yyrkyiv7mdksporwfyou/src/os/user=/_/os/user -o /tmp/go-build1105604723/b163/_x002.o -c cgo_lookup_cgo.cgo2.c
[cc] cc -w -Wno-error -o/tmp/go-build1105604723/b089//_cgo_.o -gdwarf-2 -c -I /tmp/go-build1105604723/b089/ -I/scratch/pawsey0001/ilkhom/setonix/2024.03/software/ilkhom/build_stage/spack-stage-singularityce-4.1.0-jfmk5qptofnp7ehto5n57c2mnqy5l744/src/github.com/sylabs/singularity/builddir -O2 -D_FORTIFY_SOURCE=2 -Wformat -Wformat-security -fstack-protector --param ssp-buffer-size=4 -fno-stack-protector -m64 -fno-lto -I . /tmp/cgo-gcc-input-433001438.c
[cc] cc -I /scratch/pawsey0012/ilkhom/2024.03/software/linux-sles15-zen3/gcc-12.2.0/go-1.20.4-iqsy7nco4jm6yyrkyiv7mdksporwfyou/src/os/user -fPIC -m64 -pthread -Wl,--no-gc-sections -fmessage-length=0 -fdebug-prefix-map=/tmp/go-build1105604723/b163=/tmp/go-build -gno-record-gcc-switches -I /tmp/go-build1105604723/b163/ -I/scratch/pawsey0001/ilkhom/setonix/2024.03/software/ilkhom/build_stage/spack-stage-singularityce-4.1.0-jfmk5qptofnp7ehto5n57c2mnqy5l744/src/github.com/sylabs/singularity/builddir -O2 -D_FORTIFY_SOURCE=2 -Wformat -Wformat-security -fstack-protector --param ssp-buffer-size=4 -fno-stack-protector -fdebug-prefix-map=/scratch/pawsey0012/ilkhom/2024.03/software/linux-sles15-zen3/gcc-12.2.0/go-1.20.4-iqsy7nco4jm6yyrkyiv7mdksporwfyou/src/os/user=/_/os/user -o /tmp/go-build1105604723/b163/_x003.o -c getgrouplist_unix.cgo2.c
[cpp] cc -E -dM -m64 -I /tmp/go-build1105604723/b089/ -I/scratch/pawsey0001/ilkhom/setonix/2024.03/software/ilkhom/build_stage/spack-stage-singularityce-4.1.0-jfmk5qptofnp7ehto5n57c2mnqy5l744/src/github.com/sylabs/singularity/builddir -O2 -D_FORTIFY_SOURCE=2 -Wformat -Wformat-security -fstack-protector --param ssp-buffer-size=4 -fno-stack-protector -I . /tmp/cgo-gcc-input-3235737516.c
[cc] cc -I /scratch/pawsey0012/ilkhom/2024.03/software/linux-sles15-zen3/gcc-12.2.0/go-1.20.4-iqsy7nco4jm6yyrkyiv7mdksporwfyou/src/os/user -fPIC -m64 -pthread -Wl,--no-gc-sections -fmessage-length=0 -fdebug-prefix-map=/tmp/go-build1105604723/b163=/tmp/go-build -gno-record-gcc-switches -I /tmp/go-build1105604723/b163/ -I/scratch/pawsey0001/ilkhom/setonix/2024.03/software/ilkhom/build_stage/spack-stage-singularityce-4.1.0-jfmk5qptofnp7ehto5n57c2mnqy5l744/src/github.com/sylabs/singularity/builddir -O2 -D_FORTIFY_SOURCE=2 -Wformat -Wformat-security -fstack-protector --param ssp-buffer-size=4 -fno-stack-protector -fdebug-prefix-map=/scratch/pawsey0012/ilkhom/2024.03/software/linux-sles15-zen3/gcc-12.2.0/go-1.20.4-iqsy7nco4jm6yyrkyiv7mdksporwfyou/src/os/user=/_/os/user -o /tmp/go-build1105604723/b163/_cgo_main.o -c _cgo_main.c
[cc] cc -w -Wno-error -o/tmp/go-build1105604723/b089//_cgo_.o -gdwarf-2 -c -I /tmp/go-build1105604723/b089/ -I/scratch/pawsey0001/ilkhom/setonix/2024.03/software/ilkhom/build_stage/spack-stage-singularityce-4.1.0-jfmk5qptofnp7ehto5n57c2mnqy5l744/src/github.com/sylabs/singularity/builddir -D_FORTIFY_SOURCE=2 -Wformat -Wformat-security -fstack-protector --param ssp-buffer-size=4 -fno-stack-protector -m64 -fno-lto -O0 -fdiagnostics-color=never -I . /tmp/cgo-gcc-input-3268116766.c
[ccld] cc -I /scratch/pawsey0012/ilkhom/2024.03/software/linux-sles15-zen3/gcc-12.2.0/go-1.20.4-iqsy7nco4jm6yyrkyiv7mdksporwfyou/src/os/user -fPIC -m64 -pthread -Wl,--no-gc-sections -fmessage-length=0 -fdebug-prefix-map=/tmp/go-build1105604723/b163=/tmp/go-build -gno-record-gcc-switches -o /tmp/go-build1105604723/b163/_cgo_.o /tmp/go-build1105604723/b163/_cgo_main.o /tmp/go-build1105604723/b163/preferlinkext /tmp/go-build1105604723/b163/_x001.o /tmp/go-build1105604723/b163/_x002.o /tmp/go-build1105604723/b163/_x003.o -O2 -g
[cc] cc -w -Wno-error -o/tmp/go-build1105604723/b089//_cgo_.o -gdwarf-2 -c -I /tmp/go-build1105604723/b089/ -I/scratch/pawsey0001/ilkhom/setonix/2024.03/software/ilkhom/build_stage/spack-stage-singularityce-4.1.0-jfmk5qptofnp7ehto5n57c2mnqy5l744/src/github.com/sylabs/singularity/builddir -O2 -D_FORTIFY_SOURCE=2 -Wformat -Wformat-security -fstack-protector --param ssp-buffer-size=4 -fno-stack-protector -m64 -fno-lto -I . /tmp/cgo-gcc-input-1421682379.c
[cc] cc -I /scratch/pawsey0012/ilkhom/2024.03/software/linux-sles15-zen3/gcc-12.2.0/go-1.20.4-iqsy7nco4jm6yyrkyiv7mdksporwfyou/src/net -fPIC -m64 -pthread -Wl,--no-gc-sections -fmessage-length=0 -fdebug-prefix-map=/tmp/go-build1105604723/b089=/tmp/go-build -gno-record-gcc-switches -I /tmp/go-build1105604723/b089/ -I/scratch/pawsey0001/ilkhom/setonix/2024.03/software/ilkhom/build_stage/spack-stage-singularityce-4.1.0-jfmk5qptofnp7ehto5n57c2mnqy5l744/src/github.com/sylabs/singularity/builddir -O2 -D_FORTIFY_SOURCE=2 -Wformat -Wformat-security -fstack-protector --param ssp-buffer-size=4 -fno-stack-protector -fdebug-prefix-map=/scratch/pawsey0012/ilkhom/2024.03/software/linux-sles15-zen3/gcc-12.2.0/go-1.20.4-iqsy7nco4jm6yyrkyiv7mdksporwfyou/src/net=/_/net -o /tmp/go-build1105604723/b089/_x001.o -c _cgo_export.c
[cc] cc -w -Wno-error -o/tmp/go-build1105604723/b338//_cgo_.o -gdwarf-2 -c -I/scratch/pawsey0012/ilkhom/2024.03/software/linux-sles15-zen3/gcc-12.2.0/libseccomp-2.5.3-6fywgxr7veaf3pdquh3lrgvp7lj7zaqp/include -I /tmp/go-build1105604723/b338/ -I/scratch/pawsey0001/ilkhom/setonix/2024.03/software/ilkhom/build_stage/spack-stage-singularityce-4.1.0-jfmk5qptofnp7ehto5n57c2mnqy5l744/src/github.com/sylabs/singularity/builddir -O2 -D_FORTIFY_SOURCE=2 -Wformat -Wformat-security -fstack-protector --param ssp-buffer-size=4 -m64 -fno-lto -I . /tmp/cgo-gcc-input-3861064238.c
[cc] cc -I /scratch/pawsey0012/ilkhom/2024.03/software/linux-sles15-zen3/gcc-12.2.0/go-1.20.4-iqsy7nco4jm6yyrkyiv7mdksporwfyou/src/net -fPIC -m64 -pthread -Wl,--no-gc-sections -fmessage-length=0 -fdebug-prefix-map=/tmp/go-build1105604723/b089=/tmp/go-build -gno-record-gcc-switches -I /tmp/go-build1105604723/b089/ -I/scratch/pawsey0001/ilkhom/setonix/2024.03/software/ilkhom/build_stage/spack-stage-singularityce-4.1.0-jfmk5qptofnp7ehto5n57c2mnqy5l744/src/github.com/sylabs/singularity/builddir -O2 -D_FORTIFY_SOURCE=2 -Wformat -Wformat-security -fstack-protector --param ssp-buffer-size=4 -fno-stack-protector -fdebug-prefix-map=/scratch/pawsey0012/ilkhom/2024.03/software/linux-sles15-zen3/gcc-12.2.0/go-1.20.4-iqsy7nco4jm6yyrkyiv7mdksporwfyou/src/net=/_/net -o /tmp/go-build1105604723/b089/_x002.o -c cgo_linux.cgo2.c
[cc] cc -I /scratch/pawsey0012/ilkhom/2024.03/software/linux-sles15-zen3/gcc-12.2.0/go-1.20.4-iqsy7nco4jm6yyrkyiv7mdksporwfyou/src/net -fPIC -m64 -pthread -Wl,--no-gc-sections -fmessage-length=0 -fdebug-prefix-map=/tmp/go-build1105604723/b089=/tmp/go-build -gno-record-gcc-switches -I /tmp/go-build1105604723/b089/ -I/scratch/pawsey0001/ilkhom/setonix/2024.03/software/ilkhom/build_stage/spack-stage-singularityce-4.1.0-jfmk5qptofnp7ehto5n57c2mnqy5l744/src/github.com/sylabs/singularity/builddir -O2 -D_FORTIFY_SOURCE=2 -Wformat -Wformat-security -fstack-protector --param ssp-buffer-size=4 -fno-stack-protector -fdebug-prefix-map=/scratch/pawsey0012/ilkhom/2024.03/software/linux-sles15-zen3/gcc-12.2.0/go-1.20.4-iqsy7nco4jm6yyrkyiv7mdksporwfyou/src/net=/_/net -o /tmp/go-build1105604723/b089/_x003.o -c cgo_resnew.cgo2.c
[cc] cc -I /scratch/pawsey0012/ilkhom/2024.03/software/linux-sles15-zen3/gcc-12.2.0/go-1.20.4-iqsy7nco4jm6yyrkyiv7mdksporwfyou/src/net -fPIC -m64 -pthread -Wl,--no-gc-sections -fmessage-length=0 -fdebug-prefix-map=/tmp/go-build1105604723/b089=/tmp/go-build -gno-record-gcc-switches -I /tmp/go-build1105604723/b089/ -I/scratch/pawsey0001/ilkhom/setonix/2024.03/software/ilkhom/build_stage/spack-stage-singularityce-4.1.0-jfmk5qptofnp7ehto5n57c2mnqy5l744/src/github.com/sylabs/singularity/builddir -O2 -D_FORTIFY_SOURCE=2 -Wformat -Wformat-security -fstack-protector --param ssp-buffer-size=4 -fno-stack-protector -fdebug-prefix-map=/scratch/pawsey0012/ilkhom/2024.03/software/linux-sles15-zen3/gcc-12.2.0/go-1.20.4-iqsy7nco4jm6yyrkyiv7mdksporwfyou/src/net=/_/net -o /tmp/go-build1105604723/b089/_x004.o -c cgo_socknew.cgo2.c
[cc] cc -I /scratch/pawsey0012/ilkhom/2024.03/software/linux-sles15-zen3/gcc-12.2.0/go-1.20.4-iqsy7nco4jm6yyrkyiv7mdksporwfyou/src/net -fPIC -m64 -pthread -Wl,--no-gc-sections -fmessage-length=0 -fdebug-prefix-map=/tmp/go-build1105604723/b089=/tmp/go-build -gno-record-gcc-switches -I /tmp/go-build1105604723/b089/ -I/scratch/pawsey0001/ilkhom/setonix/2024.03/software/ilkhom/build_stage/spack-stage-singularityce-4.1.0-jfmk5qptofnp7ehto5n57c2mnqy5l744/src/github.com/sylabs/singularity/builddir -O2 -D_FORTIFY_SOURCE=2 -Wformat -Wformat-security -fstack-protector --param ssp-buffer-size=4 -fno-stack-protector -fdebug-prefix-map=/scratch/pawsey0012/ilkhom/2024.03/software/linux-sles15-zen3/gcc-12.2.0/go-1.20.4-iqsy7nco4jm6yyrkyiv7mdksporwfyou/src/net=/_/net -o /tmp/go-build1105604723/b089/_x005.o -c cgo_unix_cgo.cgo2.c
[cc] cc -I /scratch/pawsey0012/ilkhom/2024.03/software/linux-sles15-zen3/gcc-12.2.0/go-1.20.4-iqsy7nco4jm6yyrkyiv7mdksporwfyou/src/net -fPIC -m64 -pthread -Wl,--no-gc-sections -fmessage-length=0 -fdebug-prefix-map=/tmp/go-build1105604723/b089=/tmp/go-build -gno-record-gcc-switches -I /tmp/go-build1105604723/b089/ -I/scratch/pawsey0001/ilkhom/setonix/2024.03/software/ilkhom/build_stage/spack-stage-singularityce-4.1.0-jfmk5qptofnp7ehto5n57c2mnqy5l744/src/github.com/sylabs/singularity/builddir -O2 -D_FORTIFY_SOURCE=2 -Wformat -Wformat-security -fstack-protector --param ssp-buffer-size=4 -fno-stack-protector -fdebug-prefix-map=/scratch/pawsey0012/ilkhom/2024.03/software/linux-sles15-zen3/gcc-12.2.0/go-1.20.4-iqsy7nco4jm6yyrkyiv7mdksporwfyou/src/net=/_/net -o /tmp/go-build1105604723/b089/_x006.o -c cgo_unix_cgo_res.cgo2.c
[cc] cc -I /scratch/pawsey0012/ilkhom/2024.03/software/linux-sles15-zen3/gcc-12.2.0/go-1.20.4-iqsy7nco4jm6yyrkyiv7mdksporwfyou/src/net -fPIC -m64 -pthread -Wl,--no-gc-sections -fmessage-length=0 -fdebug-prefix-map=/tmp/go-build1105604723/b089=/tmp/go-build -gno-record-gcc-switches -I /tmp/go-build1105604723/b089/ -I/scratch/pawsey0001/ilkhom/setonix/2024.03/software/ilkhom/build_stage/spack-stage-singularityce-4.1.0-jfmk5qptofnp7ehto5n57c2mnqy5l744/src/github.com/sylabs/singularity/builddir -O2 -D_FORTIFY_SOURCE=2 -Wformat -Wformat-security -fstack-protector --param ssp-buffer-size=4 -fno-stack-protector -fdebug-prefix-map=/scratch/pawsey0012/ilkhom/2024.03/software/linux-sles15-zen3/gcc-12.2.0/go-1.20.4-iqsy7nco4jm6yyrkyiv7mdksporwfyou/src/net=/_/net -o /tmp/go-build1105604723/b089/_cgo_main.o -c _cgo_main.c
[ccld] cc -I /scratch/pawsey0012/ilkhom/2024.03/software/linux-sles15-zen3/gcc-12.2.0/go-1.20.4-iqsy7nco4jm6yyrkyiv7mdksporwfyou/src/net -fPIC -m64 -pthread -Wl,--no-gc-sections -fmessage-length=0 -fdebug-prefix-map=/tmp/go-build1105604723/b089=/tmp/go-build -gno-record-gcc-switches -o /tmp/go-build1105604723/b089/_cgo_.o /tmp/go-build1105604723/b089/_cgo_main.o /tmp/go-build1105604723/b089/preferlinkext /tmp/go-build1105604723/b089/_x001.o /tmp/go-build1105604723/b089/_x002.o /tmp/go-build1105604723/b089/_x003.o /tmp/go-build1105604723/b089/_x004.o /tmp/go-build1105604723/b089/_x005.o /tmp/go-build1105604723/b089/_x006.o -O2 -g -lresolv
[cpp] cc -E -dM -m64 -I /tmp/go-build1105604723/b302/ -I/scratch/pawsey0001/ilkhom/setonix/2024.03/software/ilkhom/build_stage/spack-stage-singularityce-4.1.0-jfmk5qptofnp7ehto5n57c2mnqy5l744/src/github.com/sylabs/singularity/builddir -O2 -D_FORTIFY_SOURCE=2 -Wformat -Wformat-security -fstack-protector --param ssp-buffer-size=4 -I . /tmp/cgo-gcc-input-3580636808.c
[cc] cc -w -Wno-error -o/tmp/go-build1105604723/b302//_cgo_.o -gdwarf-2 -c -I /tmp/go-build1105604723/b302/ -I/scratch/pawsey0001/ilkhom/setonix/2024.03/software/ilkhom/build_stage/spack-stage-singularityce-4.1.0-jfmk5qptofnp7ehto5n57c2mnqy5l744/src/github.com/sylabs/singularity/builddir -D_FORTIFY_SOURCE=2 -Wformat -Wformat-security -fstack-protector --param ssp-buffer-size=4 -m64 -fno-lto -O0 -fdiagnostics-color=never -I . /tmp/cgo-gcc-input-2941855609.c
[cc] cc -w -Wno-error -o/tmp/go-build1105604723/b302//_cgo_.o -gdwarf-2 -c -I /tmp/go-build1105604723/b302/ -I/scratch/pawsey0001/ilkhom/setonix/2024.03/software/ilkhom/build_stage/spack-stage-singularityce-4.1.0-jfmk5qptofnp7ehto5n57c2mnqy5l744/src/github.com/sylabs/singularity/builddir -O2 -D_FORTIFY_SOURCE=2 -Wformat -Wformat-security -fstack-protector --param ssp-buffer-size=4 -m64 -fno-lto -I . /tmp/cgo-gcc-input-3156906172.c
[cc] cc -w -Wno-error -o/tmp/go-build1105604723/b302//_cgo_.o -gdwarf-2 -c -I /tmp/go-build1105604723/b302/ -I/scratch/pawsey0001/ilkhom/setonix/2024.03/software/ilkhom/build_stage/spack-stage-singularityce-4.1.0-jfmk5qptofnp7ehto5n57c2mnqy5l744/src/github.com/sylabs/singularity/builddir -D_FORTIFY_SOURCE=2 -Wformat -Wformat-security -fstack-protector --param ssp-buffer-size=4 -m64 -fno-lto -O0 -fdiagnostics-color=never -I . /tmp/cgo-gcc-input-358317565.c
[cc] cc -w -Wno-error -o/tmp/go-build1105604723/b302//_cgo_.o -gdwarf-2 -c -I /tmp/go-build1105604723/b302/ -I/scratch/pawsey0001/ilkhom/setonix/2024.03/software/ilkhom/build_stage/spack-stage-singularityce-4.1.0-jfmk5qptofnp7ehto5n57c2mnqy5l744/src/github.com/sylabs/singularity/builddir -O2 -D_FORTIFY_SOURCE=2 -Wformat -Wformat-security -fstack-protector --param ssp-buffer-size=4 -m64 -fno-lto -I . /tmp/cgo-gcc-input-1240182135.c
[cc] cc -I /scratch/pawsey0001/ilkhom/setonix/2024.03/software/ilkhom/build_stage/spack-stage-singularityce-4.1.0-jfmk5qptofnp7ehto5n57c2mnqy5l744/src/github.com/sylabs/singularity/internal/pkg/util/user -fPIC -m64 -pthread -Wl,--no-gc-sections -fmessage-length=0 -fdebug-prefix-map=/tmp/go-build1105604723/b302=/tmp/go-build -gno-record-gcc-switches -I /tmp/go-build1105604723/b302/ -I/scratch/pawsey0001/ilkhom/setonix/2024.03/software/ilkhom/build_stage/spack-stage-singularityce-4.1.0-jfmk5qptofnp7ehto5n57c2mnqy5l744/src/github.com/sylabs/singularity/builddir -O2 -D_FORTIFY_SOURCE=2 -Wformat -Wformat-security -fstack-protector --param ssp-buffer-size=4 -fdebug-prefix-map=/scratch/pawsey0001/ilkhom/setonix/2024.03/software/ilkhom/build_stage/spack-stage-singularityce-4.1.0-jfmk5qptofnp7ehto5n57c2mnqy5l744/src/github.com/sylabs/singularity=/_/github.com/sylabs/singularity/v4@ -o /tmp/go-build1105604723/b302/_x001.o -c _cgo_export.c
[cc] cc -I /scratch/pawsey0001/ilkhom/setonix/2024.03/software/ilkhom/build_stage/spack-stage-singularityce-4.1.0-jfmk5qptofnp7ehto5n57c2mnqy5l744/src/github.com/sylabs/singularity/internal/pkg/util/user -fPIC -m64 -pthread -Wl,--no-gc-sections -fmessage-length=0 -fdebug-prefix-map=/tmp/go-build1105604723/b302=/tmp/go-build -gno-record-gcc-switches -I /tmp/go-build1105604723/b302/ -I/scratch/pawsey0001/ilkhom/setonix/2024.03/software/ilkhom/build_stage/spack-stage-singularityce-4.1.0-jfmk5qptofnp7ehto5n57c2mnqy5l744/src/github.com/sylabs/singularity/builddir -O2 -D_FORTIFY_SOURCE=2 -Wformat -Wformat-security -fstack-protector --param ssp-buffer-size=4 -fdebug-prefix-map=/scratch/pawsey0001/ilkhom/setonix/2024.03/software/ilkhom/build_stage/spack-stage-singularityce-4.1.0-jfmk5qptofnp7ehto5n57c2mnqy5l744/src/github.com/sylabs/singularity=/_/github.com/sylabs/singularity/v4@ -o /tmp/go-build1105604723/b302/_x002.o -c cgo_lookup_unix.cgo2.c
[cc] cc -I /scratch/pawsey0001/ilkhom/setonix/2024.03/software/ilkhom/build_stage/spack-stage-singularityce-4.1.0-jfmk5qptofnp7ehto5n57c2mnqy5l744/src/github.com/sylabs/singularity/internal/pkg/util/user -fPIC -m64 -pthread -Wl,--no-gc-sections -fmessage-length=0 -fdebug-prefix-map=/tmp/go-build1105604723/b302=/tmp/go-build -gno-record-gcc-switches -I /tmp/go-build1105604723/b302/ -I/scratch/pawsey0001/ilkhom/setonix/2024.03/software/ilkhom/build_stage/spack-stage-singularityce-4.1.0-jfmk5qptofnp7ehto5n57c2mnqy5l744/src/github.com/sylabs/singularity/builddir -O2 -D_FORTIFY_SOURCE=2 -Wformat -Wformat-security -fstack-protector --param ssp-buffer-size=4 -fdebug-prefix-map=/scratch/pawsey0001/ilkhom/setonix/2024.03/software/ilkhom/build_stage/spack-stage-singularityce-4.1.0-jfmk5qptofnp7ehto5n57c2mnqy5l744/src/github.com/sylabs/singularity=/_/github.com/sylabs/singularity/v4@ -o /tmp/go-build1105604723/b302/_cgo_main.o -c _cgo_main.c
[ccld] cc -I /scratch/pawsey0001/ilkhom/setonix/2024.03/software/ilkhom/build_stage/spack-stage-singularityce-4.1.0-jfmk5qptofnp7ehto5n57c2mnqy5l744/src/github.com/sylabs/singularity/internal/pkg/util/user -fPIC -m64 -pthread -Wl,--no-gc-sections -fmessage-length=0 -fdebug-prefix-map=/tmp/go-build1105604723/b302=/tmp/go-build -gno-record-gcc-switches -o /tmp/go-build1105604723/b302/_cgo_.o /tmp/go-build1105604723/b302/_cgo_main.o /tmp/go-build1105604723/b302/preferlinkext /tmp/go-build1105604723/b302/_x001.o /tmp/go-build1105604723/b302/_x002.o -O2 -g
[cpp] cc -E -dM -m64 -I /tmp/go-build1105604723/b525/ -I/scratch/pawsey0001/ilkhom/setonix/2024.03/software/ilkhom/build_stage/spack-stage-singularityce-4.1.0-jfmk5qptofnp7ehto5n57c2mnqy5l744/src/github.com/sylabs/singularity/builddir -O2 -D_FORTIFY_SOURCE=2 -Wformat -Wformat-security -fstack-protector --param ssp-buffer-size=4 -Wall -I . /tmp/cgo-gcc-input-3286554171.c
[cc] cc -w -Wno-error -o/tmp/go-build1105604723/b525//_cgo_.o -gdwarf-2 -c -I /tmp/go-build1105604723/b525/ -I/scratch/pawsey0001/ilkhom/setonix/2024.03/software/ilkhom/build_stage/spack-stage-singularityce-4.1.0-jfmk5qptofnp7ehto5n57c2mnqy5l744/src/github.com/sylabs/singularity/builddir -D_FORTIFY_SOURCE=2 -Wformat -Wformat-security -fstack-protector --param ssp-buffer-size=4 -Wall -m64 -fno-lto -O0 -fdiagnostics-color=never -I . /tmp/cgo-gcc-input-2652770906.c
[cc] cc -w -Wno-error -o/tmp/go-build1105604723/b525//_cgo_.o -gdwarf-2 -c -I /tmp/go-build1105604723/b525/ -I/scratch/pawsey0001/ilkhom/setonix/2024.03/software/ilkhom/build_stage/spack-stage-singularityce-4.1.0-jfmk5qptofnp7ehto5n57c2mnqy5l744/src/github.com/sylabs/singularity/builddir -O2 -D_FORTIFY_SOURCE=2 -Wformat -Wformat-security -fstack-protector --param ssp-buffer-size=4 -Wall -m64 -fno-lto -I . /tmp/cgo-gcc-input-1018960142.c
[cc] cc -w -Wno-error -o/tmp/go-build1105604723/b525//_cgo_.o -gdwarf-2 -c -I /tmp/go-build1105604723/b525/ -I/scratch/pawsey0001/ilkhom/setonix/2024.03/software/ilkhom/build_stage/spack-stage-singularityce-4.1.0-jfmk5qptofnp7ehto5n57c2mnqy5l744/src/github.com/sylabs/singularity/builddir -D_FORTIFY_SOURCE=2 -Wformat -Wformat-security -fstack-protector --param ssp-buffer-size=4 -Wall -m64 -fno-lto -O0 -fdiagnostics-color=never -I . /tmp/cgo-gcc-input-755871397.c
[cc] cc -w -Wno-error -o/tmp/go-build1105604723/b525//_cgo_.o -gdwarf-2 -c -I /tmp/go-build1105604723/b525/ -I/scratch/pawsey0001/ilkhom/setonix/2024.03/software/ilkhom/build_stage/spack-stage-singularityce-4.1.0-jfmk5qptofnp7ehto5n57c2mnqy5l744/src/github.com/sylabs/singularity/builddir -O2 -D_FORTIFY_SOURCE=2 -Wformat -Wformat-security -fstack-protector --param ssp-buffer-size=4 -Wall -m64 -fno-lto -I . /tmp/cgo-gcc-input-3215525735.c
[cpp] cc -E -dM -m64 -I /tmp/go-build1105604723/b525/ -I/scratch/pawsey0001/ilkhom/setonix/2024.03/software/ilkhom/build_stage/spack-stage-singularityce-4.1.0-jfmk5qptofnp7ehto5n57c2mnqy5l744/src/github.com/sylabs/singularity/builddir -O2 -D_FORTIFY_SOURCE=2 -Wformat -Wformat-security -fstack-protector --param ssp-buffer-size=4 -Wall -I . /tmp/cgo-gcc-input-3950672267.c
[cc] cc -I /scratch/pawsey0001/ilkhom/setonix/2024.03/software/ilkhom/build_stage/spack-stage-singularityce-4.1.0-jfmk5qptofnp7ehto5n57c2mnqy5l744/src/github.com/sylabs/singularity/vendor/github.com/containers/storage/pkg/unshare -fPIC -m64 -pthread -Wl,--no-gc-sections -fmessage-length=0 -fdebug-prefix-map=/tmp/go-build1105604723/b525=/tmp/go-build -gno-record-gcc-switches -I /tmp/go-build1105604723/b525/ -I/scratch/pawsey0001/ilkhom/setonix/2024.03/software/ilkhom/build_stage/spack-stage-singularityce-4.1.0-jfmk5qptofnp7ehto5n57c2mnqy5l744/src/github.com/sylabs/singularity/builddir -O2 -D_FORTIFY_SOURCE=2 -Wformat -Wformat-security -fstack-protector --param ssp-buffer-size=4 -Wall -fdebug-prefix-map==/_/github.com/containers/storage@v1.51.0 -o /tmp/go-build1105604723/b525/_x001.o -c _cgo_export.c
[cc] cc -I /scratch/pawsey0001/ilkhom/setonix/2024.03/software/ilkhom/build_stage/spack-stage-singularityce-4.1.0-jfmk5qptofnp7ehto5n57c2mnqy5l744/src/github.com/sylabs/singularity/vendor/github.com/containers/storage/pkg/unshare -fPIC -m64 -pthread -Wl,--no-gc-sections -fmessage-length=0 -fdebug-prefix-map=/tmp/go-build1105604723/b525=/tmp/go-build -gno-record-gcc-switches -I /tmp/go-build1105604723/b525/ -I/scratch/pawsey0001/ilkhom/setonix/2024.03/software/ilkhom/build_stage/spack-stage-singularityce-4.1.0-jfmk5qptofnp7ehto5n57c2mnqy5l744/src/github.com/sylabs/singularity/builddir -O2 -D_FORTIFY_SOURCE=2 -Wformat -Wformat-security -fstack-protector --param ssp-buffer-size=4 -Wall -fdebug-prefix-map==/_/github.com/containers/storage@v1.51.0 -o /tmp/go-build1105604723/b525/_x002.o -c getenv_linux_cgo.cgo2.c
[cc] cc -I /scratch/pawsey0001/ilkhom/setonix/2024.03/software/ilkhom/build_stage/spack-stage-singularityce-4.1.0-jfmk5qptofnp7ehto5n57c2mnqy5l744/src/github.com/sylabs/singularity/vendor/github.com/containers/storage/pkg/unshare -fPIC -m64 -pthread -Wl,--no-gc-sections -fmessage-length=0 -fdebug-prefix-map=/tmp/go-build1105604723/b525=/tmp/go-build -gno-record-gcc-switches -I /tmp/go-build1105604723/b525/ -I/scratch/pawsey0001/ilkhom/setonix/2024.03/software/ilkhom/build_stage/spack-stage-singularityce-4.1.0-jfmk5qptofnp7ehto5n57c2mnqy5l744/src/github.com/sylabs/singularity/builddir -O2 -D_FORTIFY_SOURCE=2 -Wformat -Wformat-security -fstack-protector --param ssp-buffer-size=4 -Wall -fdebug-prefix-map==/_/github.com/containers/storage@v1.51.0 -o /tmp/go-build1105604723/b525/_x003.o -c unshare_cgo.cgo2.c
[cc] cc -I /scratch/pawsey0001/ilkhom/setonix/2024.03/software/ilkhom/build_stage/spack-stage-singularityce-4.1.0-jfmk5qptofnp7ehto5n57c2mnqy5l744/src/github.com/sylabs/singularity/vendor/github.com/containers/storage/pkg/unshare -fPIC -m64 -pthread -Wl,--no-gc-sections -fmessage-length=0 -fdebug-prefix-map=/tmp/go-build1105604723/b525=/tmp/go-build -gno-record-gcc-switches -I /tmp/go-build1105604723/b525/ -I/scratch/pawsey0001/ilkhom/setonix/2024.03/software/ilkhom/build_stage/spack-stage-singularityce-4.1.0-jfmk5qptofnp7ehto5n57c2mnqy5l744/src/github.com/sylabs/singularity/builddir -O2 -D_FORTIFY_SOURCE=2 -Wformat -Wformat-security -fstack-protector --param ssp-buffer-size=4 -Wall -fdebug-prefix-map==/_/github.com/containers/storage@v1.51.0 -o /tmp/go-build1105604723/b525/_x004.o -c unshare.c
[cpp] cc -E -dM -m64 -I /tmp/go-build1105604723/b265/ -I/scratch/pawsey0001/ilkhom/setonix/2024.03/software/ilkhom/build_stage/spack-stage-singularityce-4.1.0-jfmk5qptofnp7ehto5n57c2mnqy5l744/src/github.com/sylabs/singularity/builddir -O2 -D_FORTIFY_SOURCE=2 -Wformat -Wformat-security -fstack-protector --param ssp-buffer-size=4 -I . /tmp/cgo-gcc-input-1513909097.c
[cc] cc -w -Wno-error -o/tmp/go-build1105604723/b265//_cgo_.o -gdwarf-2 -c -I /tmp/go-build1105604723/b265/ -I/scratch/pawsey0001/ilkhom/setonix/2024.03/software/ilkhom/build_stage/spack-stage-singularityce-4.1.0-jfmk5qptofnp7ehto5n57c2mnqy5l744/src/github.com/sylabs/singularity/builddir -D_FORTIFY_SOURCE=2 -Wformat -Wformat-security -fstack-protector --param ssp-buffer-size=4 -m64 -fno-lto -O0 -fdiagnostics-color=never -I . /tmp/cgo-gcc-input-852741479.c
[cc] cc -I /scratch/pawsey0001/ilkhom/setonix/2024.03/software/ilkhom/build_stage/spack-stage-singularityce-4.1.0-jfmk5qptofnp7ehto5n57c2mnqy5l744/src/github.com/sylabs/singularity/vendor/github.com/containers/storage/pkg/unshare -fPIC -m64 -pthread -Wl,--no-gc-sections -fmessage-length=0 -fdebug-prefix-map=/tmp/go-build1105604723/b525=/tmp/go-build -gno-record-gcc-switches -I /tmp/go-build1105604723/b525/ -I/scratch/pawsey0001/ilkhom/setonix/2024.03/software/ilkhom/build_stage/spack-stage-singularityce-4.1.0-jfmk5qptofnp7ehto5n57c2mnqy5l744/src/github.com/sylabs/singularity/builddir -O2 -D_FORTIFY_SOURCE=2 -Wformat -Wformat-security -fstack-protector --param ssp-buffer-size=4 -Wall -fdebug-prefix-map==/_/github.com/containers/storage@v1.51.0 -o /tmp/go-build1105604723/b525/_cgo_main.o -c _cgo_main.c
[cc] cc -w -Wno-error -o/tmp/go-build1105604723/b265//_cgo_.o -gdwarf-2 -c -I /tmp/go-build1105604723/b265/ -I/scratch/pawsey0001/ilkhom/setonix/2024.03/software/ilkhom/build_stage/spack-stage-singularityce-4.1.0-jfmk5qptofnp7ehto5n57c2mnqy5l744/src/github.com/sylabs/singularity/builddir -O2 -D_FORTIFY_SOURCE=2 -Wformat -Wformat-security -fstack-protector --param ssp-buffer-size=4 -m64 -fno-lto -I . /tmp/cgo-gcc-input-4077209805.c
[ccld] cc -I /scratch/pawsey0001/ilkhom/setonix/2024.03/software/ilkhom/build_stage/spack-stage-singularityce-4.1.0-jfmk5qptofnp7ehto5n57c2mnqy5l744/src/github.com/sylabs/singularity/vendor/github.com/containers/storage/pkg/unshare -fPIC -m64 -pthread -Wl,--no-gc-sections -fmessage-length=0 -fdebug-prefix-map=/tmp/go-build1105604723/b525=/tmp/go-build -gno-record-gcc-switches -o /tmp/go-build1105604723/b525/_cgo_.o /tmp/go-build1105604723/b525/_cgo_main.o /tmp/go-build1105604723/b525/preferlinkext /tmp/go-build1105604723/b525/_x001.o /tmp/go-build1105604723/b525/_x002.o /tmp/go-build1105604723/b525/_x003.o /tmp/go-build1105604723/b525/_x004.o -O2 -g
[cc] cc -w -Wno-error -o/tmp/go-build1105604723/b265//_cgo_.o -gdwarf-2 -c -I /tmp/go-build1105604723/b265/ -I/scratch/pawsey0001/ilkhom/setonix/2024.03/software/ilkhom/build_stage/spack-stage-singularityce-4.1.0-jfmk5qptofnp7ehto5n57c2mnqy5l744/src/github.com/sylabs/singularity/builddir -D_FORTIFY_SOURCE=2 -Wformat -Wformat-security -fstack-protector --param ssp-buffer-size=4 -m64 -fno-lto -O0 -fdiagnostics-color=never -I . /tmp/cgo-gcc-input-811371634.c
[cc] cc -w -Wno-error -o/tmp/go-build1105604723/b265//_cgo_.o -gdwarf-2 -c -I /tmp/go-build1105604723/b265/ -I/scratch/pawsey0001/ilkhom/setonix/2024.03/software/ilkhom/build_stage/spack-stage-singularityce-4.1.0-jfmk5qptofnp7ehto5n57c2mnqy5l744/src/github.com/sylabs/singularity/builddir -O2 -D_FORTIFY_SOURCE=2 -Wformat -Wformat-security -fstack-protector --param ssp-buffer-size=4 -m64 -fno-lto -I . /tmp/cgo-gcc-input-2041075220.c
[cc] cc -I /scratch/pawsey0001/ilkhom/setonix/2024.03/software/ilkhom/build_stage/spack-stage-singularityce-4.1.0-jfmk5qptofnp7ehto5n57c2mnqy5l744/src/github.com/sylabs/singularity/vendor/github.com/opencontainers/runc/libcontainer/userns -fPIC -m64 -pthread -Wl,--no-gc-sections -fmessage-length=0 -fdebug-prefix-map=/tmp/go-build1105604723/b265=/tmp/go-build -gno-record-gcc-switches -I /tmp/go-build1105604723/b265/ -I/scratch/pawsey0001/ilkhom/setonix/2024.03/software/ilkhom/build_stage/spack-stage-singularityce-4.1.0-jfmk5qptofnp7ehto5n57c2mnqy5l744/src/github.com/sylabs/singularity/builddir -O2 -D_FORTIFY_SOURCE=2 -Wformat -Wformat-security -fstack-protector --param ssp-buffer-size=4 -fdebug-prefix-map==/_/github.com/opencontainers/runc@v1.1.11 -o /tmp/go-build1105604723/b265/_x001.o -c _cgo_export.c
[cc] cc -I /scratch/pawsey0001/ilkhom/setonix/2024.03/software/ilkhom/build_stage/spack-stage-singularityce-4.1.0-jfmk5qptofnp7ehto5n57c2mnqy5l744/src/github.com/sylabs/singularity/vendor/github.com/opencontainers/runc/libcontainer/userns -fPIC -m64 -pthread -Wl,--no-gc-sections -fmessage-length=0 -fdebug-prefix-map=/tmp/go-build1105604723/b265=/tmp/go-build -gno-record-gcc-switches -I /tmp/go-build1105604723/b265/ -I/scratch/pawsey0001/ilkhom/setonix/2024.03/software/ilkhom/build_stage/spack-stage-singularityce-4.1.0-jfmk5qptofnp7ehto5n57c2mnqy5l744/src/github.com/sylabs/singularity/builddir -O2 -D_FORTIFY_SOURCE=2 -Wformat -Wformat-security -fstack-protector --param ssp-buffer-size=4 -fdebug-prefix-map==/_/github.com/opencontainers/runc@v1.1.11 -o /tmp/go-build1105604723/b265/_x002.o -c userns_maps_linux.cgo2.c
[cc] cc -I /scratch/pawsey0001/ilkhom/setonix/2024.03/software/ilkhom/build_stage/spack-stage-singularityce-4.1.0-jfmk5qptofnp7ehto5n57c2mnqy5l744/src/github.com/sylabs/singularity/vendor/github.com/opencontainers/runc/libcontainer/userns -fPIC -m64 -pthread -Wl,--no-gc-sections -fmessage-length=0 -fdebug-prefix-map=/tmp/go-build1105604723/b265=/tmp/go-build -gno-record-gcc-switches -I /tmp/go-build1105604723/b265/ -I/scratch/pawsey0001/ilkhom/setonix/2024.03/software/ilkhom/build_stage/spack-stage-singularityce-4.1.0-jfmk5qptofnp7ehto5n57c2mnqy5l744/src/github.com/sylabs/singularity/builddir -O2 -D_FORTIFY_SOURCE=2 -Wformat -Wformat-security -fstack-protector --param ssp-buffer-size=4 -fdebug-prefix-map==/_/github.com/opencontainers/runc@v1.1.11 -o /tmp/go-build1105604723/b265/_x003.o -c userns_maps.c
[cc] cc -I /scratch/pawsey0001/ilkhom/setonix/2024.03/software/ilkhom/build_stage/spack-stage-singularityce-4.1.0-jfmk5qptofnp7ehto5n57c2mnqy5l744/src/github.com/sylabs/singularity/vendor/github.com/opencontainers/runc/libcontainer/userns -fPIC -m64 -pthread -Wl,--no-gc-sections -fmessage-length=0 -fdebug-prefix-map=/tmp/go-build1105604723/b265=/tmp/go-build -gno-record-gcc-switches -I /tmp/go-build1105604723/b265/ -I/scratch/pawsey0001/ilkhom/setonix/2024.03/software/ilkhom/build_stage/spack-stage-singularityce-4.1.0-jfmk5qptofnp7ehto5n57c2mnqy5l744/src/github.com/sylabs/singularity/builddir -O2 -D_FORTIFY_SOURCE=2 -Wformat -Wformat-security -fstack-protector --param ssp-buffer-size=4 -fdebug-prefix-map==/_/github.com/opencontainers/runc@v1.1.11 -o /tmp/go-build1105604723/b265/_cgo_main.o -c _cgo_main.c
[ccld] cc -I /scratch/pawsey0001/ilkhom/setonix/2024.03/software/ilkhom/build_stage/spack-stage-singularityce-4.1.0-jfmk5qptofnp7ehto5n57c2mnqy5l744/src/github.com/sylabs/singularity/vendor/github.com/opencontainers/runc/libcontainer/userns -fPIC -m64 -pthread -Wl,--no-gc-sections -fmessage-length=0 -fdebug-prefix-map=/tmp/go-build1105604723/b265=/tmp/go-build -gno-record-gcc-switches -o /tmp/go-build1105604723/b265/_cgo_.o /tmp/go-build1105604723/b265/_cgo_main.o /tmp/go-build1105604723/b265/preferlinkext /tmp/go-build1105604723/b265/_x001.o /tmp/go-build1105604723/b265/_x002.o /tmp/go-build1105604723/b265/_x003.o -O2 -g
