[cpp] cc -E -x c /dev/null
[cpp] CC -E -x c++ /dev/null
[cpp] cc -Wall -E -x c /dev/null
[cpp] cc -Werror -E -x c /dev/null
[cpp] cc -Wfatal-errors -E -x c /dev/null
[cpp] cc -Wno-unknown-warning-option -E -x c /dev/null
[cpp] cc -Wstrict-prototypes -E -x c /dev/null
[cpp] cc -Wpointer-arith -E -x c /dev/null
[cpp] cc -Wbad-function-cast -E -x c /dev/null
[cpp] cc -Woverlength-strings -E -x c /dev/null
[cpp] cc -Wframe-larger-than=2047 -E -x c /dev/null
[cpp] cc -Wno-sign-compare -E -x c /dev/null
[cpp] cc -Wclobbered -E -x c /dev/null
[cpp] cc -Wempty-body -E -x c /dev/null
[cpp] cc -Wmissing-parameter-type -E -x c /dev/null
[cpp] cc -Wtype-limits -E -x c /dev/null
[cpp] cc -Wunused-parameter -E -x c /dev/null
[cpp] cc -Wunused-but-set-parameter -E -x c /dev/null
[cpp] cc -Wno-discarded-qualifiers -E -x c /dev/null
[cpp] cc -Wno-incompatible-pointer-types -E -x c /dev/null
[cpp] cc -pipe -E -x c /dev/null
[cpp] cc -fmessage-length=0 -E -x c /dev/null
[cpp] cc -fPIC -E -x c /dev/null
[ccld] cc -print-prog-name=ar
[ccld] cc -print-prog-name=ld
[ccld] cc -print-prog-name=ranlib
[ccld] cc -print-prog-name=objcopy
[cpp] cc -E -x c /dev/null
[cpp] CC -E -x c++ /dev/null
[ccld] cc -print-prog-name=ar
[ccld] cc -print-prog-name=ld
[ccld] cc -print-prog-name=ranlib
[ccld] cc -print-prog-name=objcopy
[ccld] cc -x c -static -o /dev/null -
[ccld] cc -x c -static -o /dev/null -
[cpp] cc -E -dM -
[cpp] cc -E -dM -
[cpp] cc -E -dM -
[cpp] cc -E -dM -
[cpp] cc -E -dM -
[cpp] cc -E -dM -
[cpp] cc -E -dM -
[cpp] cc -E -dM -
[cpp] cc -E -dM -
[cpp] cc -E -dM -
[cpp] cc -E -dM -
[cpp] cc -E -dM -
[cpp] cc -E -dM -
[cpp] cc -E -dM -
[cpp] cc -E -dM -
[cpp] cc -E -dM -
[cpp] cc -E -dM -
[cpp] cc -E -dM -
[cpp] cc -E -dM -
[cpp] cc -E -dM -
[cpp] cc -E -dM -
[cpp] cc -E -dM -
[cpp] cc -E -dM -
[ccld] cc -x c -o /dev/null -
[ccld] cc -x c -o /dev/null -
[ccld] cc -x c -o /dev/null -
[ccld] cc -x c -o /dev/null -
[ccld] cc -x c -o /dev/null -
[ccld] cc -x c -o /dev/null -
[ccld] cc -x c -o /dev/null -
[ccld] cc -x c -o /dev/null -
[ccld] cc -x c -o /scratch/pawsey0001/ilkhom/setonix/2024.03/software/ilkhom/build_stage/spack-stage-singularityce-3.11.4-wrb7ejd72lfcyzmxib5vik7whetakahi/src/github.com/sylabs/singularity/builddir/makeit-intermediate/testprogs/test_nnp /scratch/pawsey0001/ilkhom/setonix/2024.03/software/ilkhom/build_stage/spack-stage-singularityce-3.11.4-wrb7ejd72lfcyzmxib5vik7whetakahi/src/github.com/sylabs/singularity/builddir/makeit-intermediate/testprogs/test_nnp.c
[ccld] cc -x c -o /dev/null -
[ccld] cc -x c -o /dev/null -
[ccld] cc -x c -o /dev/null -
[ccld] cc -x c -o /scratch/pawsey0001/ilkhom/setonix/2024.03/software/ilkhom/build_stage/spack-stage-singularityce-3.11.4-wrb7ejd72lfcyzmxib5vik7whetakahi/src/github.com/sylabs/singularity/builddir/makeit-intermediate/testprogs/test_ucap /scratch/pawsey0001/ilkhom/setonix/2024.03/software/ilkhom/build_stage/spack-stage-singularityce-3.11.4-wrb7ejd72lfcyzmxib5vik7whetakahi/src/github.com/sylabs/singularity/builddir/makeit-intermediate/testprogs/test_ucap.c
[ccld] cc -x c -o /dev/null -
[ccld] cc -x c -o /dev/null -
[ccld] cc -I/scratch/pawsey0012/ilkhom/2024.03/software/linux-sles15-zen2/gcc-12.2.0/libseccomp-2.5.3-7drlwvhei6cdb3ldtebeeaqujdgyfyuh/include -x c -o /dev/null - -lseccomp
[cpp] cc -E -dM -m64 -I /tmp/go-build2856608149/b092/ -O2 -D_FORTIFY_SOURCE=2 -Wformat -Wformat-security -fstack-protector --param ssp-buffer-size=4 -Wall -Werror -fno-stack-protector -I . /tmp/cgo-gcc-input-2750515706.c
[cc] cc -fno-caret-diagnostics -c -x c - -o /dev/null
[cc] cc -Qunused-arguments -c -x c - -o /dev/null
[ccld] cc -Wl,--no-gc-sections -x c - -o /dev/null
[cc] cc -fdebug-prefix-map=a=b -c -x c - -o /dev/null
[cc] cc -gno-record-gcc-switches -c -x c - -o /dev/null
[cc] cc -I /scratch/pawsey0012/ilkhom/2024.03/software/linux-sles15-zen2/gcc-12.2.0/go-1.19.10-4hjbniyclqn4x2sh3lg5e3q6yr5guvmm/src/runtime/cgo -fPIC -m64 -pthread -Wl,--no-gc-sections -fmessage-length=0 -fdebug-prefix-map=/tmp/go-build2856608149/b092=/tmp/go-build -gno-record-gcc-switches -I /tmp/go-build2856608149/b092/ -O2 -D_FORTIFY_SOURCE=2 -Wformat -Wformat-security -fstack-protector --param ssp-buffer-size=4 -Wall -Werror -fno-stack-protector -fdebug-prefix-map=/scratch/pawsey0012/ilkhom/2024.03/software/linux-sles15-zen2/gcc-12.2.0/go-1.19.10-4hjbniyclqn4x2sh3lg5e3q6yr5guvmm/src/runtime/cgo=/_/runtime/cgo -o /tmp/go-build2856608149/b092/_x001.o -c _cgo_export.c
[cc] cc -I /scratch/pawsey0012/ilkhom/2024.03/software/linux-sles15-zen2/gcc-12.2.0/go-1.19.10-4hjbniyclqn4x2sh3lg5e3q6yr5guvmm/src/runtime/cgo -fPIC -m64 -pthread -Wl,--no-gc-sections -fmessage-length=0 -fdebug-prefix-map=/tmp/go-build2856608149/b092=/tmp/go-build -gno-record-gcc-switches -I /tmp/go-build2856608149/b092/ -O2 -D_FORTIFY_SOURCE=2 -Wformat -Wformat-security -fstack-protector --param ssp-buffer-size=4 -Wall -Werror -fno-stack-protector -fdebug-prefix-map=/scratch/pawsey0012/ilkhom/2024.03/software/linux-sles15-zen2/gcc-12.2.0/go-1.19.10-4hjbniyclqn4x2sh3lg5e3q6yr5guvmm/src/runtime/cgo=/_/runtime/cgo -o /tmp/go-build2856608149/b092/_x002.o -c cgo.cgo2.c
[cc] cc -I /scratch/pawsey0012/ilkhom/2024.03/software/linux-sles15-zen2/gcc-12.2.0/go-1.19.10-4hjbniyclqn4x2sh3lg5e3q6yr5guvmm/src/runtime/cgo -fPIC -m64 -pthread -Wl,--no-gc-sections -fmessage-length=0 -fdebug-prefix-map=/tmp/go-build2856608149/b092=/tmp/go-build -gno-record-gcc-switches -I /tmp/go-build2856608149/b092/ -O2 -D_FORTIFY_SOURCE=2 -Wformat -Wformat-security -fstack-protector --param ssp-buffer-size=4 -Wall -Werror -fno-stack-protector -fdebug-prefix-map=/scratch/pawsey0012/ilkhom/2024.03/software/linux-sles15-zen2/gcc-12.2.0/go-1.19.10-4hjbniyclqn4x2sh3lg5e3q6yr5guvmm/src/runtime/cgo=/_/runtime/cgo -o /tmp/go-build2856608149/b092/_x003.o -c gcc_context.c
[cc] cc -I /scratch/pawsey0012/ilkhom/2024.03/software/linux-sles15-zen2/gcc-12.2.0/go-1.19.10-4hjbniyclqn4x2sh3lg5e3q6yr5guvmm/src/runtime/cgo -fPIC -m64 -pthread -Wl,--no-gc-sections -fmessage-length=0 -fdebug-prefix-map=/tmp/go-build2856608149/b092=/tmp/go-build -gno-record-gcc-switches -I /tmp/go-build2856608149/b092/ -O2 -D_FORTIFY_SOURCE=2 -Wformat -Wformat-security -fstack-protector --param ssp-buffer-size=4 -Wall -Werror -fno-stack-protector -fdebug-prefix-map=/scratch/pawsey0012/ilkhom/2024.03/software/linux-sles15-zen2/gcc-12.2.0/go-1.19.10-4hjbniyclqn4x2sh3lg5e3q6yr5guvmm/src/runtime/cgo=/_/runtime/cgo -o /tmp/go-build2856608149/b092/_x004.o -c gcc_fatalf.c
[cc] cc -I /scratch/pawsey0012/ilkhom/2024.03/software/linux-sles15-zen2/gcc-12.2.0/go-1.19.10-4hjbniyclqn4x2sh3lg5e3q6yr5guvmm/src/runtime/cgo -fPIC -m64 -pthread -Wl,--no-gc-sections -fmessage-length=0 -fdebug-prefix-map=/tmp/go-build2856608149/b092=/tmp/go-build -gno-record-gcc-switches -I /tmp/go-build2856608149/b092/ -O2 -D_FORTIFY_SOURCE=2 -Wformat -Wformat-security -fstack-protector --param ssp-buffer-size=4 -Wall -Werror -fno-stack-protector -fdebug-prefix-map=/scratch/pawsey0012/ilkhom/2024.03/software/linux-sles15-zen2/gcc-12.2.0/go-1.19.10-4hjbniyclqn4x2sh3lg5e3q6yr5guvmm/src/runtime/cgo=/_/runtime/cgo -o /tmp/go-build2856608149/b092/_x005.o -c gcc_libinit.c
[cc] cc -I /scratch/pawsey0012/ilkhom/2024.03/software/linux-sles15-zen2/gcc-12.2.0/go-1.19.10-4hjbniyclqn4x2sh3lg5e3q6yr5guvmm/src/runtime/cgo -fPIC -m64 -pthread -Wl,--no-gc-sections -fmessage-length=0 -fdebug-prefix-map=/tmp/go-build2856608149/b092=/tmp/go-build -gno-record-gcc-switches -I /tmp/go-build2856608149/b092/ -O2 -D_FORTIFY_SOURCE=2 -Wformat -Wformat-security -fstack-protector --param ssp-buffer-size=4 -Wall -Werror -fno-stack-protector -fdebug-prefix-map=/scratch/pawsey0012/ilkhom/2024.03/software/linux-sles15-zen2/gcc-12.2.0/go-1.19.10-4hjbniyclqn4x2sh3lg5e3q6yr5guvmm/src/runtime/cgo=/_/runtime/cgo -o /tmp/go-build2856608149/b092/_x006.o -c gcc_linux_amd64.c
[cc] cc -I /scratch/pawsey0012/ilkhom/2024.03/software/linux-sles15-zen2/gcc-12.2.0/go-1.19.10-4hjbniyclqn4x2sh3lg5e3q6yr5guvmm/src/runtime/cgo -fPIC -m64 -pthread -Wl,--no-gc-sections -fmessage-length=0 -fdebug-prefix-map=/tmp/go-build2856608149/b092=/tmp/go-build -gno-record-gcc-switches -I /tmp/go-build2856608149/b092/ -O2 -D_FORTIFY_SOURCE=2 -Wformat -Wformat-security -fstack-protector --param ssp-buffer-size=4 -Wall -Werror -fno-stack-protector -fdebug-prefix-map=/scratch/pawsey0012/ilkhom/2024.03/software/linux-sles15-zen2/gcc-12.2.0/go-1.19.10-4hjbniyclqn4x2sh3lg5e3q6yr5guvmm/src/runtime/cgo=/_/runtime/cgo -o /tmp/go-build2856608149/b092/_x007.o -c gcc_mmap.c
[cc] cc -I /scratch/pawsey0012/ilkhom/2024.03/software/linux-sles15-zen2/gcc-12.2.0/go-1.19.10-4hjbniyclqn4x2sh3lg5e3q6yr5guvmm/src/runtime/cgo -fPIC -m64 -pthread -Wl,--no-gc-sections -fmessage-length=0 -fdebug-prefix-map=/tmp/go-build2856608149/b092=/tmp/go-build -gno-record-gcc-switches -I /tmp/go-build2856608149/b092/ -O2 -D_FORTIFY_SOURCE=2 -Wformat -Wformat-security -fstack-protector --param ssp-buffer-size=4 -Wall -Werror -fno-stack-protector -fdebug-prefix-map=/scratch/pawsey0012/ilkhom/2024.03/software/linux-sles15-zen2/gcc-12.2.0/go-1.19.10-4hjbniyclqn4x2sh3lg5e3q6yr5guvmm/src/runtime/cgo=/_/runtime/cgo -o /tmp/go-build2856608149/b092/_x008.o -c gcc_setenv.c
[cc] cc -I /scratch/pawsey0012/ilkhom/2024.03/software/linux-sles15-zen2/gcc-12.2.0/go-1.19.10-4hjbniyclqn4x2sh3lg5e3q6yr5guvmm/src/runtime/cgo -fPIC -m64 -pthread -Wl,--no-gc-sections -fmessage-length=0 -fdebug-prefix-map=/tmp/go-build2856608149/b092=/tmp/go-build -gno-record-gcc-switches -I /tmp/go-build2856608149/b092/ -O2 -D_FORTIFY_SOURCE=2 -Wformat -Wformat-security -fstack-protector --param ssp-buffer-size=4 -Wall -Werror -fno-stack-protector -fdebug-prefix-map=/scratch/pawsey0012/ilkhom/2024.03/software/linux-sles15-zen2/gcc-12.2.0/go-1.19.10-4hjbniyclqn4x2sh3lg5e3q6yr5guvmm/src/runtime/cgo=/_/runtime/cgo -o /tmp/go-build2856608149/b092/_x009.o -c gcc_sigaction.c
[cc] cc -I /scratch/pawsey0012/ilkhom/2024.03/software/linux-sles15-zen2/gcc-12.2.0/go-1.19.10-4hjbniyclqn4x2sh3lg5e3q6yr5guvmm/src/runtime/cgo -fPIC -m64 -pthread -Wl,--no-gc-sections -fmessage-length=0 -fdebug-prefix-map=/tmp/go-build2856608149/b092=/tmp/go-build -gno-record-gcc-switches -I /tmp/go-build2856608149/b092/ -O2 -D_FORTIFY_SOURCE=2 -Wformat -Wformat-security -fstack-protector --param ssp-buffer-size=4 -Wall -Werror -fno-stack-protector -fdebug-prefix-map=/scratch/pawsey0012/ilkhom/2024.03/software/linux-sles15-zen2/gcc-12.2.0/go-1.19.10-4hjbniyclqn4x2sh3lg5e3q6yr5guvmm/src/runtime/cgo=/_/runtime/cgo -o /tmp/go-build2856608149/b092/_x010.o -c gcc_traceback.c
[cc] cc -I /scratch/pawsey0012/ilkhom/2024.03/software/linux-sles15-zen2/gcc-12.2.0/go-1.19.10-4hjbniyclqn4x2sh3lg5e3q6yr5guvmm/src/runtime/cgo -fPIC -m64 -pthread -Wl,--no-gc-sections -fmessage-length=0 -fdebug-prefix-map=/tmp/go-build2856608149/b092=/tmp/go-build -gno-record-gcc-switches -I /tmp/go-build2856608149/b092/ -O2 -D_FORTIFY_SOURCE=2 -Wformat -Wformat-security -fstack-protector --param ssp-buffer-size=4 -Wall -Werror -fno-stack-protector -fdebug-prefix-map=/scratch/pawsey0012/ilkhom/2024.03/software/linux-sles15-zen2/gcc-12.2.0/go-1.19.10-4hjbniyclqn4x2sh3lg5e3q6yr5guvmm/src/runtime/cgo=/_/runtime/cgo -o /tmp/go-build2856608149/b092/_x011.o -c gcc_util.c
[cc] cc -I /scratch/pawsey0012/ilkhom/2024.03/software/linux-sles15-zen2/gcc-12.2.0/go-1.19.10-4hjbniyclqn4x2sh3lg5e3q6yr5guvmm/src/runtime/cgo -fPIC -m64 -pthread -Wl,--no-gc-sections -fmessage-length=0 -fdebug-prefix-map=/tmp/go-build2856608149/b092=/tmp/go-build -gno-record-gcc-switches -I /tmp/go-build2856608149/b092/ -O2 -D_FORTIFY_SOURCE=2 -Wformat -Wformat-security -fstack-protector --param ssp-buffer-size=4 -Wall -Werror -fno-stack-protector -fdebug-prefix-map=/scratch/pawsey0012/ilkhom/2024.03/software/linux-sles15-zen2/gcc-12.2.0/go-1.19.10-4hjbniyclqn4x2sh3lg5e3q6yr5guvmm/src/runtime/cgo=/_/runtime/cgo -o /tmp/go-build2856608149/b092/_x012.o -c linux_syscall.c
[cc] cc -I /scratch/pawsey0012/ilkhom/2024.03/software/linux-sles15-zen2/gcc-12.2.0/go-1.19.10-4hjbniyclqn4x2sh3lg5e3q6yr5guvmm/src/runtime/cgo -fPIC -m64 -pthread -Wl,--no-gc-sections -fmessage-length=0 -fdebug-prefix-map=/tmp/go-build2856608149/b092=/tmp/go-build -gno-record-gcc-switches -I /tmp/go-build2856608149/b092/ -O2 -D_FORTIFY_SOURCE=2 -Wformat -Wformat-security -fstack-protector --param ssp-buffer-size=4 -Wall -Werror -fno-stack-protector -fdebug-prefix-map=/scratch/pawsey0012/ilkhom/2024.03/software/linux-sles15-zen2/gcc-12.2.0/go-1.19.10-4hjbniyclqn4x2sh3lg5e3q6yr5guvmm/src/runtime/cgo=/_/runtime/cgo -o /tmp/go-build2856608149/b092/_x013.o -c gcc_amd64.S
[cc] cc -I /scratch/pawsey0012/ilkhom/2024.03/software/linux-sles15-zen2/gcc-12.2.0/go-1.19.10-4hjbniyclqn4x2sh3lg5e3q6yr5guvmm/src/runtime/cgo -fPIC -m64 -pthread -Wl,--no-gc-sections -fmessage-length=0 -fdebug-prefix-map=/tmp/go-build2856608149/b092=/tmp/go-build -gno-record-gcc-switches -I /tmp/go-build2856608149/b092/ -O2 -D_FORTIFY_SOURCE=2 -Wformat -Wformat-security -fstack-protector --param ssp-buffer-size=4 -Wall -Werror -fno-stack-protector -fdebug-prefix-map=/scratch/pawsey0012/ilkhom/2024.03/software/linux-sles15-zen2/gcc-12.2.0/go-1.19.10-4hjbniyclqn4x2sh3lg5e3q6yr5guvmm/src/runtime/cgo=/_/runtime/cgo -o /tmp/go-build2856608149/b092/_cgo_main.o -c _cgo_main.c
[ccld] cc -I /scratch/pawsey0012/ilkhom/2024.03/software/linux-sles15-zen2/gcc-12.2.0/go-1.19.10-4hjbniyclqn4x2sh3lg5e3q6yr5guvmm/src/runtime/cgo -fPIC -m64 -pthread -Wl,--no-gc-sections -fmessage-length=0 -fdebug-prefix-map=/tmp/go-build2856608149/b092=/tmp/go-build -gno-record-gcc-switches -o /tmp/go-build2856608149/b092/_cgo_.o /tmp/go-build2856608149/b092/_cgo_main.o /tmp/go-build2856608149/b092/preferlinkext /tmp/go-build2856608149/b092/_x001.o /tmp/go-build2856608149/b092/_x002.o /tmp/go-build2856608149/b092/_x003.o /tmp/go-build2856608149/b092/_x004.o /tmp/go-build2856608149/b092/_x005.o /tmp/go-build2856608149/b092/_x006.o /tmp/go-build2856608149/b092/_x007.o /tmp/go-build2856608149/b092/_x008.o /tmp/go-build2856608149/b092/_x009.o /tmp/go-build2856608149/b092/_x010.o /tmp/go-build2856608149/b092/_x011.o /tmp/go-build2856608149/b092/_x012.o /tmp/go-build2856608149/b092/_x013.o -g -O2 -lpthread
[cpp] cc -E -dM -m64 -I /tmp/go-build2856608149/b322/ -O2 -D_FORTIFY_SOURCE=2 -Wformat -Wformat-security -fstack-protector --param ssp-buffer-size=4 -I . /tmp/cgo-gcc-input-1696057726.c
[cc] cc -w -Wno-error -o/tmp/go-build2856608149/b322//_cgo_.o -gdwarf-2 -c -I /tmp/go-build2856608149/b322/ -D_FORTIFY_SOURCE=2 -Wformat -Wformat-security -fstack-protector --param ssp-buffer-size=4 -m64 -fno-lto -O0 -fdiagnostics-color=never -I . /tmp/cgo-gcc-input-4254809266.c
[cc] cc -### -x c -c -
[cc] cc -### -x c -c -
[cpp] cc -E -dM -m64 -I /tmp/go-build2856608149/b255/ -O2 -D_FORTIFY_SOURCE=2 -Wformat -Wformat-security -fstack-protector --param ssp-buffer-size=4 -I . /tmp/cgo-gcc-input-339566012.c
[cc] cc -w -Wno-error -o/tmp/go-build2856608149/b322//_cgo_.o -gdwarf-2 -c -I /tmp/go-build2856608149/b322/ -O2 -D_FORTIFY_SOURCE=2 -Wformat -Wformat-security -fstack-protector --param ssp-buffer-size=4 -m64 -fno-lto -I . /tmp/cgo-gcc-input-157800050.c
[cc] cc -w -Wno-error -o/tmp/go-build2856608149/b255//_cgo_.o -gdwarf-2 -c -I /tmp/go-build2856608149/b255/ -D_FORTIFY_SOURCE=2 -Wformat -Wformat-security -fstack-protector --param ssp-buffer-size=4 -m64 -fno-lto -O0 -fdiagnostics-color=never -I . /tmp/cgo-gcc-input-1812575499.c
[cpp] cc -E -dM -m64 -I /tmp/go-build2856608149/b648/ -O2 -D_FORTIFY_SOURCE=2 -Wformat -Wformat-security -fstack-protector --param ssp-buffer-size=4 -I . /tmp/cgo-gcc-input-3882156425.c
[cpp] cc -E -dM -m64 -I/scratch/pawsey0012/ilkhom/2024.03/software/linux-sles15-zen2/gcc-12.2.0/libseccomp-2.5.3-7drlwvhei6cdb3ldtebeeaqujdgyfyuh/include -I /tmp/go-build2856608149/b298/ -O2 -D_FORTIFY_SOURCE=2 -Wformat -Wformat-security -fstack-protector --param ssp-buffer-size=4 -I . /tmp/cgo-gcc-input-230939998.c
[cpp] cc -E -dM -m64 -I /tmp/go-build2856608149/b837/ -O2 -D_FORTIFY_SOURCE=2 -Wformat -Wformat-security -fstack-protector --param ssp-buffer-size=4 -I . /tmp/cgo-gcc-input-2355397330.c
[cc] cc -w -Wno-error -o/tmp/go-build2856608149/b322//_cgo_.o -gdwarf-2 -c -I /tmp/go-build2856608149/b322/ -D_FORTIFY_SOURCE=2 -Wformat -Wformat-security -fstack-protector --param ssp-buffer-size=4 -m64 -fno-lto -O0 -fdiagnostics-color=never -I . /tmp/cgo-gcc-input-3034662485.c
[cc] cc -w -Wno-error -o/tmp/go-build2856608149/b255//_cgo_.o -gdwarf-2 -c -I /tmp/go-build2856608149/b255/ -O2 -D_FORTIFY_SOURCE=2 -Wformat -Wformat-security -fstack-protector --param ssp-buffer-size=4 -m64 -fno-lto -I . /tmp/cgo-gcc-input-3058774425.c
[cc] cc -w -Wno-error -o/tmp/go-build2856608149/b648//_cgo_.o -gdwarf-2 -c -I /tmp/go-build2856608149/b648/ -D_FORTIFY_SOURCE=2 -Wformat -Wformat-security -fstack-protector --param ssp-buffer-size=4 -m64 -fno-lto -O0 -fdiagnostics-color=never -I . /tmp/cgo-gcc-input-2561981788.c
[cc] cc -w -Wno-error -o/tmp/go-build2856608149/b298//_cgo_.o -gdwarf-2 -c -I/scratch/pawsey0012/ilkhom/2024.03/software/linux-sles15-zen2/gcc-12.2.0/libseccomp-2.5.3-7drlwvhei6cdb3ldtebeeaqujdgyfyuh/include -I /tmp/go-build2856608149/b298/ -D_FORTIFY_SOURCE=2 -Wformat -Wformat-security -fstack-protector --param ssp-buffer-size=4 -m64 -fno-lto -O0 -fdiagnostics-color=never -I . /tmp/cgo-gcc-input-304371260.c
[cc] cc -w -Wno-error -o/tmp/go-build2856608149/b837//_cgo_.o -gdwarf-2 -c -I /tmp/go-build2856608149/b837/ -D_FORTIFY_SOURCE=2 -Wformat -Wformat-security -fstack-protector --param ssp-buffer-size=4 -m64 -fno-lto -O0 -fdiagnostics-color=never -I . /tmp/cgo-gcc-input-3903664802.c
[cc] cc -w -Wno-error -o/tmp/go-build2856608149/b322//_cgo_.o -gdwarf-2 -c -I /tmp/go-build2856608149/b322/ -O2 -D_FORTIFY_SOURCE=2 -Wformat -Wformat-security -fstack-protector --param ssp-buffer-size=4 -m64 -fno-lto -I . /tmp/cgo-gcc-input-1442252663.c
[cc] cc -w -Wno-error -o/tmp/go-build2856608149/b255//_cgo_.o -gdwarf-2 -c -I /tmp/go-build2856608149/b255/ -D_FORTIFY_SOURCE=2 -Wformat -Wformat-security -fstack-protector --param ssp-buffer-size=4 -m64 -fno-lto -O0 -fdiagnostics-color=never -I . /tmp/cgo-gcc-input-1480685132.c
[cc] cc -w -Wno-error -o/tmp/go-build2856608149/b837//_cgo_.o -gdwarf-2 -c -I /tmp/go-build2856608149/b837/ -O2 -D_FORTIFY_SOURCE=2 -Wformat -Wformat-security -fstack-protector --param ssp-buffer-size=4 -m64 -fno-lto -I . /tmp/cgo-gcc-input-1905264678.c
[cc] cc -w -Wno-error -o/tmp/go-build2856608149/b648//_cgo_.o -gdwarf-2 -c -I /tmp/go-build2856608149/b648/ -O2 -D_FORTIFY_SOURCE=2 -Wformat -Wformat-security -fstack-protector --param ssp-buffer-size=4 -m64 -fno-lto -I . /tmp/cgo-gcc-input-950352888.c
[cc] cc -w -Wno-error -o/tmp/go-build2856608149/b255//_cgo_.o -gdwarf-2 -c -I /tmp/go-build2856608149/b255/ -O2 -D_FORTIFY_SOURCE=2 -Wformat -Wformat-security -fstack-protector --param ssp-buffer-size=4 -m64 -fno-lto -I . /tmp/cgo-gcc-input-4214753237.c
[cc] cc -I /scratch/pawsey0012/ilkhom/2024.03/software/linux-sles15-zen2/gcc-12.2.0/go-1.19.10-4hjbniyclqn4x2sh3lg5e3q6yr5guvmm/src/plugin -fPIC -m64 -pthread -Wl,--no-gc-sections -fmessage-length=0 -fdebug-prefix-map=/tmp/go-build2856608149/b322=/tmp/go-build -gno-record-gcc-switches -I /tmp/go-build2856608149/b322/ -O2 -D_FORTIFY_SOURCE=2 -Wformat -Wformat-security -fstack-protector --param ssp-buffer-size=4 -fdebug-prefix-map=/scratch/pawsey0012/ilkhom/2024.03/software/linux-sles15-zen2/gcc-12.2.0/go-1.19.10-4hjbniyclqn4x2sh3lg5e3q6yr5guvmm/src/plugin=/_/plugin -o /tmp/go-build2856608149/b322/_x001.o -c _cgo_export.c
[cc] cc -I /scratch/pawsey0001/ilkhom/setonix/2024.03/software/ilkhom/build_stage/spack-stage-singularityce-3.11.4-wrb7ejd72lfcyzmxib5vik7whetakahi/src/github.com/sylabs/singularity/internal/pkg/util/signal -fPIC -m64 -pthread -Wl,--no-gc-sections -fmessage-length=0 -fdebug-prefix-map=/tmp/go-build2856608149/b837=/tmp/go-build -gno-record-gcc-switches -I /tmp/go-build2856608149/b837/ -O2 -D_FORTIFY_SOURCE=2 -Wformat -Wformat-security -fstack-protector --param ssp-buffer-size=4 -fdebug-prefix-map=/scratch/pawsey0001/ilkhom/setonix/2024.03/software/ilkhom/build_stage/spack-stage-singularityce-3.11.4-wrb7ejd72lfcyzmxib5vik7whetakahi/src/github.com/sylabs/singularity=/_/github.com/sylabs/singularity@ -o /tmp/go-build2856608149/b837/_x001.o -c _cgo_export.c
[cpp] cc -E -dM -m64 -I /tmp/go-build2856608149/b255/ -O2 -D_FORTIFY_SOURCE=2 -Wformat -Wformat-security -fstack-protector --param ssp-buffer-size=4 -I . /tmp/cgo-gcc-input-570647926.c
[cc] cc -w -Wno-error -o/tmp/go-build2856608149/b648//_cgo_.o -gdwarf-2 -c -I /tmp/go-build2856608149/b648/ -D_FORTIFY_SOURCE=2 -Wformat -Wformat-security -fstack-protector --param ssp-buffer-size=4 -m64 -fno-lto -O0 -fdiagnostics-color=never -I . /tmp/cgo-gcc-input-2354583636.c
[cc] cc -w -Wno-error -o/tmp/go-build2856608149/b298//_cgo_.o -gdwarf-2 -c -I/scratch/pawsey0012/ilkhom/2024.03/software/linux-sles15-zen2/gcc-12.2.0/libseccomp-2.5.3-7drlwvhei6cdb3ldtebeeaqujdgyfyuh/include -I /tmp/go-build2856608149/b298/ -O2 -D_FORTIFY_SOURCE=2 -Wformat -Wformat-security -fstack-protector --param ssp-buffer-size=4 -m64 -fno-lto -I . /tmp/cgo-gcc-input-3708501094.c
[cc] cc -I /scratch/pawsey0012/ilkhom/2024.03/software/linux-sles15-zen2/gcc-12.2.0/go-1.19.10-4hjbniyclqn4x2sh3lg5e3q6yr5guvmm/src/plugin -fPIC -m64 -pthread -Wl,--no-gc-sections -fmessage-length=0 -fdebug-prefix-map=/tmp/go-build2856608149/b322=/tmp/go-build -gno-record-gcc-switches -I /tmp/go-build2856608149/b322/ -O2 -D_FORTIFY_SOURCE=2 -Wformat -Wformat-security -fstack-protector --param ssp-buffer-size=4 -fdebug-prefix-map=/scratch/pawsey0012/ilkhom/2024.03/software/linux-sles15-zen2/gcc-12.2.0/go-1.19.10-4hjbniyclqn4x2sh3lg5e3q6yr5guvmm/src/plugin=/_/plugin -o /tmp/go-build2856608149/b322/_x002.o -c plugin_dlopen.cgo2.c
[cc] cc -I /scratch/pawsey0001/ilkhom/setonix/2024.03/software/ilkhom/build_stage/spack-stage-singularityce-3.11.4-wrb7ejd72lfcyzmxib5vik7whetakahi/src/github.com/sylabs/singularity/internal/pkg/util/signal -fPIC -m64 -pthread -Wl,--no-gc-sections -fmessage-length=0 -fdebug-prefix-map=/tmp/go-build2856608149/b837=/tmp/go-build -gno-record-gcc-switches -I /tmp/go-build2856608149/b837/ -O2 -D_FORTIFY_SOURCE=2 -Wformat -Wformat-security -fstack-protector --param ssp-buffer-size=4 -fdebug-prefix-map=/scratch/pawsey0001/ilkhom/setonix/2024.03/software/ilkhom/build_stage/spack-stage-singularityce-3.11.4-wrb7ejd72lfcyzmxib5vik7whetakahi/src/github.com/sylabs/singularity=/_/github.com/sylabs/singularity@ -o /tmp/go-build2856608149/b837/_x002.o -c signal_linux.cgo2.c
[cc] cc -w -Wno-error -o/tmp/go-build2856608149/b255//_cgo_.o -gdwarf-2 -c -I /tmp/go-build2856608149/b255/ -D_FORTIFY_SOURCE=2 -Wformat -Wformat-security -fstack-protector --param ssp-buffer-size=4 -m64 -fno-lto -O0 -fdiagnostics-color=never -I . /tmp/cgo-gcc-input-2708970406.c
[cpp] cc -E -dM -m64 -I /tmp/go-build2856608149/b086/ -O2 -D_FORTIFY_SOURCE=2 -Wformat -Wformat-security -fstack-protector --param ssp-buffer-size=4 -I . /tmp/cgo-gcc-input-3343169606.c
[cc] cc -w -Wno-error -o/tmp/go-build2856608149/b648//_cgo_.o -gdwarf-2 -c -I /tmp/go-build2856608149/b648/ -O2 -D_FORTIFY_SOURCE=2 -Wformat -Wformat-security -fstack-protector --param ssp-buffer-size=4 -m64 -fno-lto -I . /tmp/cgo-gcc-input-854479618.c
[cc] cc -w -Wno-error -o/tmp/go-build2856608149/b298//_cgo_.o -gdwarf-2 -c -I/scratch/pawsey0012/ilkhom/2024.03/software/linux-sles15-zen2/gcc-12.2.0/libseccomp-2.5.3-7drlwvhei6cdb3ldtebeeaqujdgyfyuh/include -I /tmp/go-build2856608149/b298/ -D_FORTIFY_SOURCE=2 -Wformat -Wformat-security -fstack-protector --param ssp-buffer-size=4 -m64 -fno-lto -O0 -fdiagnostics-color=never -I . /tmp/cgo-gcc-input-1318629764.c
[cc] cc -I /scratch/pawsey0012/ilkhom/2024.03/software/linux-sles15-zen2/gcc-12.2.0/go-1.19.10-4hjbniyclqn4x2sh3lg5e3q6yr5guvmm/src/plugin -fPIC -m64 -pthread -Wl,--no-gc-sections -fmessage-length=0 -fdebug-prefix-map=/tmp/go-build2856608149/b322=/tmp/go-build -gno-record-gcc-switches -I /tmp/go-build2856608149/b322/ -O2 -D_FORTIFY_SOURCE=2 -Wformat -Wformat-security -fstack-protector --param ssp-buffer-size=4 -fdebug-prefix-map=/scratch/pawsey0012/ilkhom/2024.03/software/linux-sles15-zen2/gcc-12.2.0/go-1.19.10-4hjbniyclqn4x2sh3lg5e3q6yr5guvmm/src/plugin=/_/plugin -o /tmp/go-build2856608149/b322/_cgo_main.o -c _cgo_main.c
[cc] cc -I /scratch/pawsey0001/ilkhom/setonix/2024.03/software/ilkhom/build_stage/spack-stage-singularityce-3.11.4-wrb7ejd72lfcyzmxib5vik7whetakahi/src/github.com/sylabs/singularity/internal/pkg/util/signal -fPIC -m64 -pthread -Wl,--no-gc-sections -fmessage-length=0 -fdebug-prefix-map=/tmp/go-build2856608149/b837=/tmp/go-build -gno-record-gcc-switches -I /tmp/go-build2856608149/b837/ -O2 -D_FORTIFY_SOURCE=2 -Wformat -Wformat-security -fstack-protector --param ssp-buffer-size=4 -fdebug-prefix-map=/scratch/pawsey0001/ilkhom/setonix/2024.03/software/ilkhom/build_stage/spack-stage-singularityce-3.11.4-wrb7ejd72lfcyzmxib5vik7whetakahi/src/github.com/sylabs/singularity=/_/github.com/sylabs/singularity@ -o /tmp/go-build2856608149/b837/_cgo_main.o -c _cgo_main.c
[cpp] cc -E -dM -m64 -I /tmp/go-build2856608149/b086/ -O2 -D_FORTIFY_SOURCE=2 -Wformat -Wformat-security -fstack-protector --param ssp-buffer-size=4 -I . /tmp/cgo-gcc-input-3661020741.c
[cc] cc -w -Wno-error -o/tmp/go-build2856608149/b255//_cgo_.o -gdwarf-2 -c -I /tmp/go-build2856608149/b255/ -O2 -D_FORTIFY_SOURCE=2 -Wformat -Wformat-security -fstack-protector --param ssp-buffer-size=4 -m64 -fno-lto -I . /tmp/cgo-gcc-input-2718896364.c
[cpp] cc -E -dM -m64 -I /tmp/go-build2856608149/b648/ -O2 -D_FORTIFY_SOURCE=2 -Wformat -Wformat-security -fstack-protector --param ssp-buffer-size=4 -I . /tmp/cgo-gcc-input-2725265707.c
[ccld] cc -I /scratch/pawsey0012/ilkhom/2024.03/software/linux-sles15-zen2/gcc-12.2.0/go-1.19.10-4hjbniyclqn4x2sh3lg5e3q6yr5guvmm/src/plugin -fPIC -m64 -pthread -Wl,--no-gc-sections -fmessage-length=0 -fdebug-prefix-map=/tmp/go-build2856608149/b322=/tmp/go-build -gno-record-gcc-switches -o /tmp/go-build2856608149/b322/_cgo_.o /tmp/go-build2856608149/b322/_cgo_main.o /tmp/go-build2856608149/b322/preferlinkext /tmp/go-build2856608149/b322/_x001.o /tmp/go-build2856608149/b322/_x002.o -g -O2 -ldl
[ccld] cc -I /scratch/pawsey0001/ilkhom/setonix/2024.03/software/ilkhom/build_stage/spack-stage-singularityce-3.11.4-wrb7ejd72lfcyzmxib5vik7whetakahi/src/github.com/sylabs/singularity/internal/pkg/util/signal -fPIC -m64 -pthread -Wl,--no-gc-sections -fmessage-length=0 -fdebug-prefix-map=/tmp/go-build2856608149/b837=/tmp/go-build -gno-record-gcc-switches -o /tmp/go-build2856608149/b837/_cgo_.o /tmp/go-build2856608149/b837/_cgo_main.o /tmp/go-build2856608149/b837/preferlinkext /tmp/go-build2856608149/b837/_x001.o /tmp/go-build2856608149/b837/_x002.o -g -O2
[cc] cc -w -Wno-error -o/tmp/go-build2856608149/b086//_cgo_.o -gdwarf-2 -c -I /tmp/go-build2856608149/b086/ -D_FORTIFY_SOURCE=2 -Wformat -Wformat-security -fstack-protector --param ssp-buffer-size=4 -m64 -fno-lto -O0 -fdiagnostics-color=never -I . /tmp/cgo-gcc-input-2580493355.c
[cc] cc -w -Wno-error -o/tmp/go-build2856608149/b255//_cgo_.o -gdwarf-2 -c -I /tmp/go-build2856608149/b255/ -D_FORTIFY_SOURCE=2 -Wformat -Wformat-security -fstack-protector --param ssp-buffer-size=4 -m64 -fno-lto -O0 -fdiagnostics-color=never -I . /tmp/cgo-gcc-input-425365667.c
[cc] cc -w -Wno-error -o/tmp/go-build2856608149/b648//_cgo_.o -gdwarf-2 -c -I /tmp/go-build2856608149/b648/ -D_FORTIFY_SOURCE=2 -Wformat -Wformat-security -fstack-protector --param ssp-buffer-size=4 -m64 -fno-lto -O0 -fdiagnostics-color=never -I . /tmp/cgo-gcc-input-2101381282.c
[cc] cc -w -Wno-error -o/tmp/go-build2856608149/b086//_cgo_.o -gdwarf-2 -c -I /tmp/go-build2856608149/b086/ -O2 -D_FORTIFY_SOURCE=2 -Wformat -Wformat-security -fstack-protector --param ssp-buffer-size=4 -m64 -fno-lto -I . /tmp/cgo-gcc-input-1028406729.c
[cc] cc -w -Wno-error -o/tmp/go-build2856608149/b298//_cgo_.o -gdwarf-2 -c -I/scratch/pawsey0012/ilkhom/2024.03/software/linux-sles15-zen2/gcc-12.2.0/libseccomp-2.5.3-7drlwvhei6cdb3ldtebeeaqujdgyfyuh/include -I /tmp/go-build2856608149/b298/ -O2 -D_FORTIFY_SOURCE=2 -Wformat -Wformat-security -fstack-protector --param ssp-buffer-size=4 -m64 -fno-lto -I . /tmp/cgo-gcc-input-1101787004.c
[cc] cc -w -Wno-error -o/tmp/go-build2856608149/b255//_cgo_.o -gdwarf-2 -c -I /tmp/go-build2856608149/b255/ -O2 -D_FORTIFY_SOURCE=2 -Wformat -Wformat-security -fstack-protector --param ssp-buffer-size=4 -m64 -fno-lto -I . /tmp/cgo-gcc-input-2466733033.c
[cc] cc -w -Wno-error -o/tmp/go-build2856608149/b086//_cgo_.o -gdwarf-2 -c -I /tmp/go-build2856608149/b086/ -D_FORTIFY_SOURCE=2 -Wformat -Wformat-security -fstack-protector --param ssp-buffer-size=4 -m64 -fno-lto -O0 -fdiagnostics-color=never -I . /tmp/cgo-gcc-input-967614310.c
[cpp] cc -E -dM -m64 -I/scratch/pawsey0012/ilkhom/2024.03/software/linux-sles15-zen2/gcc-12.2.0/libseccomp-2.5.3-7drlwvhei6cdb3ldtebeeaqujdgyfyuh/include -I /tmp/go-build2856608149/b298/ -O2 -D_FORTIFY_SOURCE=2 -Wformat -Wformat-security -fstack-protector --param ssp-buffer-size=4 -I . /tmp/cgo-gcc-input-2106615070.c
[cc] cc -w -Wno-error -o/tmp/go-build2856608149/b086//_cgo_.o -gdwarf-2 -c -I /tmp/go-build2856608149/b086/ -O2 -D_FORTIFY_SOURCE=2 -Wformat -Wformat-security -fstack-protector --param ssp-buffer-size=4 -m64 -fno-lto -I . /tmp/cgo-gcc-input-3841053756.c
[cpp] cc -E -dM -m64 -I /tmp/go-build2856608149/b255/ -O2 -D_FORTIFY_SOURCE=2 -Wformat -Wformat-security -fstack-protector --param ssp-buffer-size=4 -I . /tmp/cgo-gcc-input-524466427.c
[cc] cc -w -Wno-error -o/tmp/go-build2856608149/b298//_cgo_.o -gdwarf-2 -c -I/scratch/pawsey0012/ilkhom/2024.03/software/linux-sles15-zen2/gcc-12.2.0/libseccomp-2.5.3-7drlwvhei6cdb3ldtebeeaqujdgyfyuh/include -I /tmp/go-build2856608149/b298/ -D_FORTIFY_SOURCE=2 -Wformat -Wformat-security -fstack-protector --param ssp-buffer-size=4 -m64 -fno-lto -O0 -fdiagnostics-color=never -I . /tmp/cgo-gcc-input-1175189833.c
[cc] cc -w -Wno-error -o/tmp/go-build2856608149/b255//_cgo_.o -gdwarf-2 -c -I /tmp/go-build2856608149/b255/ -D_FORTIFY_SOURCE=2 -Wformat -Wformat-security -fstack-protector --param ssp-buffer-size=4 -m64 -fno-lto -O0 -fdiagnostics-color=never -I . /tmp/cgo-gcc-input-2228967274.c
[cpp] cc -E -dM -m64 -I /tmp/go-build2856608149/b086/ -O2 -D_FORTIFY_SOURCE=2 -Wformat -Wformat-security -fstack-protector --param ssp-buffer-size=4 -I . /tmp/cgo-gcc-input-1993562716.c
[cc] cc -w -Wno-error -o/tmp/go-build2856608149/b086//_cgo_.o -gdwarf-2 -c -I /tmp/go-build2856608149/b086/ -O2 -D_FORTIFY_SOURCE=2 -Wformat -Wformat-security -fstack-protector --param ssp-buffer-size=4 -m64 -fno-lto -I . /tmp/cgo-gcc-input-2184918804.c
[cc] cc -w -Wno-error -o/tmp/go-build2856608149/b255//_cgo_.o -gdwarf-2 -c -I /tmp/go-build2856608149/b255/ -O2 -D_FORTIFY_SOURCE=2 -Wformat -Wformat-security -fstack-protector --param ssp-buffer-size=4 -m64 -fno-lto -I . /tmp/cgo-gcc-input-1486523378.c
[cc] cc -w -Wno-error -o/tmp/go-build2856608149/b255//_cgo_.o -gdwarf-2 -c -I /tmp/go-build2856608149/b255/ -D_FORTIFY_SOURCE=2 -Wformat -Wformat-security -fstack-protector --param ssp-buffer-size=4 -m64 -fno-lto -O0 -fdiagnostics-color=never -I . /tmp/cgo-gcc-input-4169549209.c
[cc] cc -w -Wno-error -o/tmp/go-build2856608149/b086//_cgo_.o -gdwarf-2 -c -I /tmp/go-build2856608149/b086/ -D_FORTIFY_SOURCE=2 -Wformat -Wformat-security -fstack-protector --param ssp-buffer-size=4 -m64 -fno-lto -O0 -fdiagnostics-color=never -I . /tmp/cgo-gcc-input-1363441264.c
[cc] cc -w -Wno-error -o/tmp/go-build2856608149/b086//_cgo_.o -gdwarf-2 -c -I /tmp/go-build2856608149/b086/ -O2 -D_FORTIFY_SOURCE=2 -Wformat -Wformat-security -fstack-protector --param ssp-buffer-size=4 -m64 -fno-lto -I . /tmp/cgo-gcc-input-547167267.c
[cc] cc -w -Wno-error -o/tmp/go-build2856608149/b255//_cgo_.o -gdwarf-2 -c -I /tmp/go-build2856608149/b255/ -O2 -D_FORTIFY_SOURCE=2 -Wformat -Wformat-security -fstack-protector --param ssp-buffer-size=4 -m64 -fno-lto -I . /tmp/cgo-gcc-input-1365558119.c
[cpp] cc -E -dM -m64 -I /tmp/go-build2856608149/b086/ -O2 -D_FORTIFY_SOURCE=2 -Wformat -Wformat-security -fstack-protector --param ssp-buffer-size=4 -I . /tmp/cgo-gcc-input-4217885345.c
[cc] cc -w -Wno-error -o/tmp/go-build2856608149/b648//_cgo_.o -gdwarf-2 -c -I /tmp/go-build2856608149/b648/ -O2 -D_FORTIFY_SOURCE=2 -Wformat -Wformat-security -fstack-protector --param ssp-buffer-size=4 -m64 -fno-lto -I . /tmp/cgo-gcc-input-4057678723.c
[cc] cc -I /scratch/pawsey0012/ilkhom/2024.03/software/linux-sles15-zen2/gcc-12.2.0/go-1.19.10-4hjbniyclqn4x2sh3lg5e3q6yr5guvmm/src/os/user -fPIC -m64 -pthread -Wl,--no-gc-sections -fmessage-length=0 -fdebug-prefix-map=/tmp/go-build2856608149/b255=/tmp/go-build -gno-record-gcc-switches -I /tmp/go-build2856608149/b255/ -O2 -D_FORTIFY_SOURCE=2 -Wformat -Wformat-security -fstack-protector --param ssp-buffer-size=4 -fdebug-prefix-map=/scratch/pawsey0012/ilkhom/2024.03/software/linux-sles15-zen2/gcc-12.2.0/go-1.19.10-4hjbniyclqn4x2sh3lg5e3q6yr5guvmm/src/os/user=/_/os/user -o /tmp/go-build2856608149/b255/_x001.o -c _cgo_export.c
[cc] cc -w -Wno-error -o/tmp/go-build2856608149/b086//_cgo_.o -gdwarf-2 -c -I /tmp/go-build2856608149/b086/ -D_FORTIFY_SOURCE=2 -Wformat -Wformat-security -fstack-protector --param ssp-buffer-size=4 -m64 -fno-lto -O0 -fdiagnostics-color=never -I . /tmp/cgo-gcc-input-755786856.c
[cc] cc -I /scratch/pawsey0012/ilkhom/2024.03/software/linux-sles15-zen2/gcc-12.2.0/go-1.19.10-4hjbniyclqn4x2sh3lg5e3q6yr5guvmm/src/os/user -fPIC -m64 -pthread -Wl,--no-gc-sections -fmessage-length=0 -fdebug-prefix-map=/tmp/go-build2856608149/b255=/tmp/go-build -gno-record-gcc-switches -I /tmp/go-build2856608149/b255/ -O2 -D_FORTIFY_SOURCE=2 -Wformat -Wformat-security -fstack-protector --param ssp-buffer-size=4 -fdebug-prefix-map=/scratch/pawsey0012/ilkhom/2024.03/software/linux-sles15-zen2/gcc-12.2.0/go-1.19.10-4hjbniyclqn4x2sh3lg5e3q6yr5guvmm/src/os/user=/_/os/user -o /tmp/go-build2856608149/b255/_x002.o -c cgo_listgroups_unix.cgo2.c
[cc] cc -I /scratch/pawsey0012/ilkhom/2024.03/software/linux-sles15-zen2/gcc-12.2.0/go-1.19.10-4hjbniyclqn4x2sh3lg5e3q6yr5guvmm/src/os/user -fPIC -m64 -pthread -Wl,--no-gc-sections -fmessage-length=0 -fdebug-prefix-map=/tmp/go-build2856608149/b255=/tmp/go-build -gno-record-gcc-switches -I /tmp/go-build2856608149/b255/ -O2 -D_FORTIFY_SOURCE=2 -Wformat -Wformat-security -fstack-protector --param ssp-buffer-size=4 -fdebug-prefix-map=/scratch/pawsey0012/ilkhom/2024.03/software/linux-sles15-zen2/gcc-12.2.0/go-1.19.10-4hjbniyclqn4x2sh3lg5e3q6yr5guvmm/src/os/user=/_/os/user -o /tmp/go-build2856608149/b255/_x003.o -c cgo_lookup_unix.cgo2.c
[cc] cc -w -Wno-error -o/tmp/go-build2856608149/b086//_cgo_.o -gdwarf-2 -c -I /tmp/go-build2856608149/b086/ -O2 -D_FORTIFY_SOURCE=2 -Wformat -Wformat-security -fstack-protector --param ssp-buffer-size=4 -m64 -fno-lto -I . /tmp/cgo-gcc-input-2861840295.c
[cc] cc -w -Wno-error -o/tmp/go-build2856608149/b298//_cgo_.o -gdwarf-2 -c -I/scratch/pawsey0012/ilkhom/2024.03/software/linux-sles15-zen2/gcc-12.2.0/libseccomp-2.5.3-7drlwvhei6cdb3ldtebeeaqujdgyfyuh/include -I /tmp/go-build2856608149/b298/ -O2 -D_FORTIFY_SOURCE=2 -Wformat -Wformat-security -fstack-protector --param ssp-buffer-size=4 -m64 -fno-lto -I . /tmp/cgo-gcc-input-1903929117.c
[cc] cc -I /scratch/pawsey0012/ilkhom/2024.03/software/linux-sles15-zen2/gcc-12.2.0/go-1.19.10-4hjbniyclqn4x2sh3lg5e3q6yr5guvmm/src/os/user -fPIC -m64 -pthread -Wl,--no-gc-sections -fmessage-length=0 -fdebug-prefix-map=/tmp/go-build2856608149/b255=/tmp/go-build -gno-record-gcc-switches -I /tmp/go-build2856608149/b255/ -O2 -D_FORTIFY_SOURCE=2 -Wformat -Wformat-security -fstack-protector --param ssp-buffer-size=4 -fdebug-prefix-map=/scratch/pawsey0012/ilkhom/2024.03/software/linux-sles15-zen2/gcc-12.2.0/go-1.19.10-4hjbniyclqn4x2sh3lg5e3q6yr5guvmm/src/os/user=/_/os/user -o /tmp/go-build2856608149/b255/_x004.o -c getgrouplist_unix.cgo2.c
[cc] cc -w -Wno-error -o/tmp/go-build2856608149/b086//_cgo_.o -gdwarf-2 -c -I /tmp/go-build2856608149/b086/ -D_FORTIFY_SOURCE=2 -Wformat -Wformat-security -fstack-protector --param ssp-buffer-size=4 -m64 -fno-lto -O0 -fdiagnostics-color=never -I . /tmp/cgo-gcc-input-1338945940.c
[cc] cc -w -Wno-error -o/tmp/go-build2856608149/b648//_cgo_.o -gdwarf-2 -c -I /tmp/go-build2856608149/b648/ -D_FORTIFY_SOURCE=2 -Wformat -Wformat-security -fstack-protector --param ssp-buffer-size=4 -m64 -fno-lto -O0 -fdiagnostics-color=never -I . /tmp/cgo-gcc-input-1861453648.c
[cc] cc -I /scratch/pawsey0012/ilkhom/2024.03/software/linux-sles15-zen2/gcc-12.2.0/go-1.19.10-4hjbniyclqn4x2sh3lg5e3q6yr5guvmm/src/os/user -fPIC -m64 -pthread -Wl,--no-gc-sections -fmessage-length=0 -fdebug-prefix-map=/tmp/go-build2856608149/b255=/tmp/go-build -gno-record-gcc-switches -I /tmp/go-build2856608149/b255/ -O2 -D_FORTIFY_SOURCE=2 -Wformat -Wformat-security -fstack-protector --param ssp-buffer-size=4 -fdebug-prefix-map=/scratch/pawsey0012/ilkhom/2024.03/software/linux-sles15-zen2/gcc-12.2.0/go-1.19.10-4hjbniyclqn4x2sh3lg5e3q6yr5guvmm/src/os/user=/_/os/user -o /tmp/go-build2856608149/b255/_cgo_main.o -c _cgo_main.c
[cc] cc -w -Wno-error -o/tmp/go-build2856608149/b086//_cgo_.o -gdwarf-2 -c -I /tmp/go-build2856608149/b086/ -O2 -D_FORTIFY_SOURCE=2 -Wformat -Wformat-security -fstack-protector --param ssp-buffer-size=4 -m64 -fno-lto -I . /tmp/cgo-gcc-input-776661188.c
[ccld] cc -I /scratch/pawsey0012/ilkhom/2024.03/software/linux-sles15-zen2/gcc-12.2.0/go-1.19.10-4hjbniyclqn4x2sh3lg5e3q6yr5guvmm/src/os/user -fPIC -m64 -pthread -Wl,--no-gc-sections -fmessage-length=0 -fdebug-prefix-map=/tmp/go-build2856608149/b255=/tmp/go-build -gno-record-gcc-switches -o /tmp/go-build2856608149/b255/_cgo_.o /tmp/go-build2856608149/b255/_cgo_main.o /tmp/go-build2856608149/b255/preferlinkext /tmp/go-build2856608149/b255/_x001.o /tmp/go-build2856608149/b255/_x002.o /tmp/go-build2856608149/b255/_x003.o /tmp/go-build2856608149/b255/_x004.o -g -O2
[cc] cc -I /scratch/pawsey0012/ilkhom/2024.03/software/linux-sles15-zen2/gcc-12.2.0/go-1.19.10-4hjbniyclqn4x2sh3lg5e3q6yr5guvmm/src/net -fPIC -m64 -pthread -Wl,--no-gc-sections -fmessage-length=0 -fdebug-prefix-map=/tmp/go-build2856608149/b086=/tmp/go-build -gno-record-gcc-switches -I /tmp/go-build2856608149/b086/ -O2 -D_FORTIFY_SOURCE=2 -Wformat -Wformat-security -fstack-protector --param ssp-buffer-size=4 -fdebug-prefix-map=/scratch/pawsey0012/ilkhom/2024.03/software/linux-sles15-zen2/gcc-12.2.0/go-1.19.10-4hjbniyclqn4x2sh3lg5e3q6yr5guvmm/src/net=/_/net -o /tmp/go-build2856608149/b086/_x001.o -c _cgo_export.c
[cc] cc -I /scratch/pawsey0012/ilkhom/2024.03/software/linux-sles15-zen2/gcc-12.2.0/go-1.19.10-4hjbniyclqn4x2sh3lg5e3q6yr5guvmm/src/net -fPIC -m64 -pthread -Wl,--no-gc-sections -fmessage-length=0 -fdebug-prefix-map=/tmp/go-build2856608149/b086=/tmp/go-build -gno-record-gcc-switches -I /tmp/go-build2856608149/b086/ -O2 -D_FORTIFY_SOURCE=2 -Wformat -Wformat-security -fstack-protector --param ssp-buffer-size=4 -fdebug-prefix-map=/scratch/pawsey0012/ilkhom/2024.03/software/linux-sles15-zen2/gcc-12.2.0/go-1.19.10-4hjbniyclqn4x2sh3lg5e3q6yr5guvmm/src/net=/_/net -o /tmp/go-build2856608149/b086/_x002.o -c cgo_linux.cgo2.c
[cc] cc -I /scratch/pawsey0012/ilkhom/2024.03/software/linux-sles15-zen2/gcc-12.2.0/go-1.19.10-4hjbniyclqn4x2sh3lg5e3q6yr5guvmm/src/net -fPIC -m64 -pthread -Wl,--no-gc-sections -fmessage-length=0 -fdebug-prefix-map=/tmp/go-build2856608149/b086=/tmp/go-build -gno-record-gcc-switches -I /tmp/go-build2856608149/b086/ -O2 -D_FORTIFY_SOURCE=2 -Wformat -Wformat-security -fstack-protector --param ssp-buffer-size=4 -fdebug-prefix-map=/scratch/pawsey0012/ilkhom/2024.03/software/linux-sles15-zen2/gcc-12.2.0/go-1.19.10-4hjbniyclqn4x2sh3lg5e3q6yr5guvmm/src/net=/_/net -o /tmp/go-build2856608149/b086/_x003.o -c cgo_resnew.cgo2.c
[cc] cc -I /scratch/pawsey0012/ilkhom/2024.03/software/linux-sles15-zen2/gcc-12.2.0/go-1.19.10-4hjbniyclqn4x2sh3lg5e3q6yr5guvmm/src/net -fPIC -m64 -pthread -Wl,--no-gc-sections -fmessage-length=0 -fdebug-prefix-map=/tmp/go-build2856608149/b086=/tmp/go-build -gno-record-gcc-switches -I /tmp/go-build2856608149/b086/ -O2 -D_FORTIFY_SOURCE=2 -Wformat -Wformat-security -fstack-protector --param ssp-buffer-size=4 -fdebug-prefix-map=/scratch/pawsey0012/ilkhom/2024.03/software/linux-sles15-zen2/gcc-12.2.0/go-1.19.10-4hjbniyclqn4x2sh3lg5e3q6yr5guvmm/src/net=/_/net -o /tmp/go-build2856608149/b086/_x004.o -c cgo_socknew.cgo2.c
[cc] cc -I /scratch/pawsey0012/ilkhom/2024.03/software/linux-sles15-zen2/gcc-12.2.0/go-1.19.10-4hjbniyclqn4x2sh3lg5e3q6yr5guvmm/src/net -fPIC -m64 -pthread -Wl,--no-gc-sections -fmessage-length=0 -fdebug-prefix-map=/tmp/go-build2856608149/b086=/tmp/go-build -gno-record-gcc-switches -I /tmp/go-build2856608149/b086/ -O2 -D_FORTIFY_SOURCE=2 -Wformat -Wformat-security -fstack-protector --param ssp-buffer-size=4 -fdebug-prefix-map=/scratch/pawsey0012/ilkhom/2024.03/software/linux-sles15-zen2/gcc-12.2.0/go-1.19.10-4hjbniyclqn4x2sh3lg5e3q6yr5guvmm/src/net=/_/net -o /tmp/go-build2856608149/b086/_x005.o -c cgo_unix.cgo2.c
[cc] cc -w -Wno-error -o/tmp/go-build2856608149/b648//_cgo_.o -gdwarf-2 -c -I /tmp/go-build2856608149/b648/ -O2 -D_FORTIFY_SOURCE=2 -Wformat -Wformat-security -fstack-protector --param ssp-buffer-size=4 -m64 -fno-lto -I . /tmp/cgo-gcc-input-81490430.c
[cc] cc -I /scratch/pawsey0012/ilkhom/2024.03/software/linux-sles15-zen2/gcc-12.2.0/go-1.19.10-4hjbniyclqn4x2sh3lg5e3q6yr5guvmm/src/net -fPIC -m64 -pthread -Wl,--no-gc-sections -fmessage-length=0 -fdebug-prefix-map=/tmp/go-build2856608149/b086=/tmp/go-build -gno-record-gcc-switches -I /tmp/go-build2856608149/b086/ -O2 -D_FORTIFY_SOURCE=2 -Wformat -Wformat-security -fstack-protector --param ssp-buffer-size=4 -fdebug-prefix-map=/scratch/pawsey0012/ilkhom/2024.03/software/linux-sles15-zen2/gcc-12.2.0/go-1.19.10-4hjbniyclqn4x2sh3lg5e3q6yr5guvmm/src/net=/_/net -o /tmp/go-build2856608149/b086/_cgo_main.o -c _cgo_main.c
[ccld] cc -I /scratch/pawsey0012/ilkhom/2024.03/software/linux-sles15-zen2/gcc-12.2.0/go-1.19.10-4hjbniyclqn4x2sh3lg5e3q6yr5guvmm/src/net -fPIC -m64 -pthread -Wl,--no-gc-sections -fmessage-length=0 -fdebug-prefix-map=/tmp/go-build2856608149/b086=/tmp/go-build -gno-record-gcc-switches -o /tmp/go-build2856608149/b086/_cgo_.o /tmp/go-build2856608149/b086/_cgo_main.o /tmp/go-build2856608149/b086/preferlinkext /tmp/go-build2856608149/b086/_x001.o /tmp/go-build2856608149/b086/_x002.o /tmp/go-build2856608149/b086/_x003.o /tmp/go-build2856608149/b086/_x004.o /tmp/go-build2856608149/b086/_x005.o -g -O2
[cpp] cc -E -dM -m64 -I /tmp/go-build2856608149/b648/ -O2 -D_FORTIFY_SOURCE=2 -Wformat -Wformat-security -fstack-protector --param ssp-buffer-size=4 -I . /tmp/cgo-gcc-input-3760867030.c
[cc] cc -w -Wno-error -o/tmp/go-build2856608149/b648//_cgo_.o -gdwarf-2 -c -I /tmp/go-build2856608149/b648/ -D_FORTIFY_SOURCE=2 -Wformat -Wformat-security -fstack-protector --param ssp-buffer-size=4 -m64 -fno-lto -O0 -fdiagnostics-color=never -I . /tmp/cgo-gcc-input-3503048459.c
[cc] cc -w -Wno-error -o/tmp/go-build2856608149/b648//_cgo_.o -gdwarf-2 -c -I /tmp/go-build2856608149/b648/ -O2 -D_FORTIFY_SOURCE=2 -Wformat -Wformat-security -fstack-protector --param ssp-buffer-size=4 -m64 -fno-lto -I . /tmp/cgo-gcc-input-1930211409.c
[cc] cc -w -Wno-error -o/tmp/go-build2856608149/b648//_cgo_.o -gdwarf-2 -c -I /tmp/go-build2856608149/b648/ -D_FORTIFY_SOURCE=2 -Wformat -Wformat-security -fstack-protector --param ssp-buffer-size=4 -m64 -fno-lto -O0 -fdiagnostics-color=never -I . /tmp/cgo-gcc-input-4118875676.c
[cc] cc -w -Wno-error -o/tmp/go-build2856608149/b648//_cgo_.o -gdwarf-2 -c -I /tmp/go-build2856608149/b648/ -O2 -D_FORTIFY_SOURCE=2 -Wformat -Wformat-security -fstack-protector --param ssp-buffer-size=4 -m64 -fno-lto -I . /tmp/cgo-gcc-input-116679344.c
[cpp] cc -E -dM -m64 -I /tmp/go-build2856608149/b309/ -O2 -D_FORTIFY_SOURCE=2 -Wformat -Wformat-security -fstack-protector --param ssp-buffer-size=4 -I . /tmp/cgo-gcc-input-272582761.c
[cc] cc -I /scratch/pawsey0001/ilkhom/setonix/2024.03/software/ilkhom/build_stage/spack-stage-singularityce-3.11.4-wrb7ejd72lfcyzmxib5vik7whetakahi/src/github.com/sylabs/singularity/vendor/github.com/miekg/pkcs11 -fPIC -m64 -pthread -Wl,--no-gc-sections -fmessage-length=0 -fdebug-prefix-map=/tmp/go-build2856608149/b648=/tmp/go-build -gno-record-gcc-switches -I /tmp/go-build2856608149/b648/ -O2 -D_FORTIFY_SOURCE=2 -Wformat -Wformat-security -fstack-protector --param ssp-buffer-size=4 -fdebug-prefix-map==/_/github.com/miekg/pkcs11@v1.1.1 -o /tmp/go-build2856608149/b648/_x001.o -c _cgo_export.c
[cc] cc -w -Wno-error -o/tmp/go-build2856608149/b309//_cgo_.o -gdwarf-2 -c -I /tmp/go-build2856608149/b309/ -D_FORTIFY_SOURCE=2 -Wformat -Wformat-security -fstack-protector --param ssp-buffer-size=4 -m64 -fno-lto -O0 -fdiagnostics-color=never -I . /tmp/cgo-gcc-input-4152424444.c
[cc] cc -I /scratch/pawsey0001/ilkhom/setonix/2024.03/software/ilkhom/build_stage/spack-stage-singularityce-3.11.4-wrb7ejd72lfcyzmxib5vik7whetakahi/src/github.com/sylabs/singularity/vendor/github.com/miekg/pkcs11 -fPIC -m64 -pthread -Wl,--no-gc-sections -fmessage-length=0 -fdebug-prefix-map=/tmp/go-build2856608149/b648=/tmp/go-build -gno-record-gcc-switches -I /tmp/go-build2856608149/b648/ -O2 -D_FORTIFY_SOURCE=2 -Wformat -Wformat-security -fstack-protector --param ssp-buffer-size=4 -fdebug-prefix-map==/_/github.com/miekg/pkcs11@v1.1.1 -o /tmp/go-build2856608149/b648/_x002.o -c params.cgo2.c
[cc] cc -w -Wno-error -o/tmp/go-build2856608149/b309//_cgo_.o -gdwarf-2 -c -I /tmp/go-build2856608149/b309/ -O2 -D_FORTIFY_SOURCE=2 -Wformat -Wformat-security -fstack-protector --param ssp-buffer-size=4 -m64 -fno-lto -I . /tmp/cgo-gcc-input-3811917925.c
[cc] cc -I /scratch/pawsey0001/ilkhom/setonix/2024.03/software/ilkhom/build_stage/spack-stage-singularityce-3.11.4-wrb7ejd72lfcyzmxib5vik7whetakahi/src/github.com/sylabs/singularity/vendor/github.com/miekg/pkcs11 -fPIC -m64 -pthread -Wl,--no-gc-sections -fmessage-length=0 -fdebug-prefix-map=/tmp/go-build2856608149/b648=/tmp/go-build -gno-record-gcc-switches -I /tmp/go-build2856608149/b648/ -O2 -D_FORTIFY_SOURCE=2 -Wformat -Wformat-security -fstack-protector --param ssp-buffer-size=4 -fdebug-prefix-map==/_/github.com/miekg/pkcs11@v1.1.1 -o /tmp/go-build2856608149/b648/_x003.o -c pkcs11.cgo2.c
[cc] cc -w -Wno-error -o/tmp/go-build2856608149/b309//_cgo_.o -gdwarf-2 -c -I /tmp/go-build2856608149/b309/ -D_FORTIFY_SOURCE=2 -Wformat -Wformat-security -fstack-protector --param ssp-buffer-size=4 -m64 -fno-lto -O0 -fdiagnostics-color=never -I . /tmp/cgo-gcc-input-3048266518.c
[cc] cc -w -Wno-error -o/tmp/go-build2856608149/b309//_cgo_.o -gdwarf-2 -c -I /tmp/go-build2856608149/b309/ -O2 -D_FORTIFY_SOURCE=2 -Wformat -Wformat-security -fstack-protector --param ssp-buffer-size=4 -m64 -fno-lto -I . /tmp/cgo-gcc-input-1852651158.c
[cc] cc -I /scratch/pawsey0001/ilkhom/setonix/2024.03/software/ilkhom/build_stage/spack-stage-singularityce-3.11.4-wrb7ejd72lfcyzmxib5vik7whetakahi/src/github.com/sylabs/singularity/internal/pkg/util/user -fPIC -m64 -pthread -Wl,--no-gc-sections -fmessage-length=0 -fdebug-prefix-map=/tmp/go-build2856608149/b309=/tmp/go-build -gno-record-gcc-switches -I /tmp/go-build2856608149/b309/ -O2 -D_FORTIFY_SOURCE=2 -Wformat -Wformat-security -fstack-protector --param ssp-buffer-size=4 -fdebug-prefix-map=/scratch/pawsey0001/ilkhom/setonix/2024.03/software/ilkhom/build_stage/spack-stage-singularityce-3.11.4-wrb7ejd72lfcyzmxib5vik7whetakahi/src/github.com/sylabs/singularity=/_/github.com/sylabs/singularity@ -o /tmp/go-build2856608149/b309/_x001.o -c _cgo_export.c
[cc] cc -I /scratch/pawsey0001/ilkhom/setonix/2024.03/software/ilkhom/build_stage/spack-stage-singularityce-3.11.4-wrb7ejd72lfcyzmxib5vik7whetakahi/src/github.com/sylabs/singularity/internal/pkg/util/user -fPIC -m64 -pthread -Wl,--no-gc-sections -fmessage-length=0 -fdebug-prefix-map=/tmp/go-build2856608149/b309=/tmp/go-build -gno-record-gcc-switches -I /tmp/go-build2856608149/b309/ -O2 -D_FORTIFY_SOURCE=2 -Wformat -Wformat-security -fstack-protector --param ssp-buffer-size=4 -fdebug-prefix-map=/scratch/pawsey0001/ilkhom/setonix/2024.03/software/ilkhom/build_stage/spack-stage-singularityce-3.11.4-wrb7ejd72lfcyzmxib5vik7whetakahi/src/github.com/sylabs/singularity=/_/github.com/sylabs/singularity@ -o /tmp/go-build2856608149/b309/_x002.o -c cgo_lookup_unix.cgo2.c
[cc] cc -I /scratch/pawsey0001/ilkhom/setonix/2024.03/software/ilkhom/build_stage/spack-stage-singularityce-3.11.4-wrb7ejd72lfcyzmxib5vik7whetakahi/src/github.com/sylabs/singularity/vendor/github.com/miekg/pkcs11 -fPIC -m64 -pthread -Wl,--no-gc-sections -fmessage-length=0 -fdebug-prefix-map=/tmp/go-build2856608149/b648=/tmp/go-build -gno-record-gcc-switches -I /tmp/go-build2856608149/b648/ -O2 -D_FORTIFY_SOURCE=2 -Wformat -Wformat-security -fstack-protector --param ssp-buffer-size=4 -fdebug-prefix-map==/_/github.com/miekg/pkcs11@v1.1.1 -o /tmp/go-build2856608149/b648/_x004.o -c types.cgo2.c
[cc] cc -I /scratch/pawsey0001/ilkhom/setonix/2024.03/software/ilkhom/build_stage/spack-stage-singularityce-3.11.4-wrb7ejd72lfcyzmxib5vik7whetakahi/src/github.com/sylabs/singularity/internal/pkg/util/user -fPIC -m64 -pthread -Wl,--no-gc-sections -fmessage-length=0 -fdebug-prefix-map=/tmp/go-build2856608149/b309=/tmp/go-build -gno-record-gcc-switches -I /tmp/go-build2856608149/b309/ -O2 -D_FORTIFY_SOURCE=2 -Wformat -Wformat-security -fstack-protector --param ssp-buffer-size=4 -fdebug-prefix-map=/scratch/pawsey0001/ilkhom/setonix/2024.03/software/ilkhom/build_stage/spack-stage-singularityce-3.11.4-wrb7ejd72lfcyzmxib5vik7whetakahi/src/github.com/sylabs/singularity=/_/github.com/sylabs/singularity@ -o /tmp/go-build2856608149/b309/_cgo_main.o -c _cgo_main.c
[ccld] cc -I /scratch/pawsey0001/ilkhom/setonix/2024.03/software/ilkhom/build_stage/spack-stage-singularityce-3.11.4-wrb7ejd72lfcyzmxib5vik7whetakahi/src/github.com/sylabs/singularity/internal/pkg/util/user -fPIC -m64 -pthread -Wl,--no-gc-sections -fmessage-length=0 -fdebug-prefix-map=/tmp/go-build2856608149/b309=/tmp/go-build -gno-record-gcc-switches -o /tmp/go-build2856608149/b309/_cgo_.o /tmp/go-build2856608149/b309/_cgo_main.o /tmp/go-build2856608149/b309/preferlinkext /tmp/go-build2856608149/b309/_x001.o /tmp/go-build2856608149/b309/_x002.o -g -O2
[cc] cc -I /scratch/pawsey0001/ilkhom/setonix/2024.03/software/ilkhom/build_stage/spack-stage-singularityce-3.11.4-wrb7ejd72lfcyzmxib5vik7whetakahi/src/github.com/sylabs/singularity/vendor/github.com/miekg/pkcs11 -fPIC -m64 -pthread -Wl,--no-gc-sections -fmessage-length=0 -fdebug-prefix-map=/tmp/go-build2856608149/b648=/tmp/go-build -gno-record-gcc-switches -I /tmp/go-build2856608149/b648/ -O2 -D_FORTIFY_SOURCE=2 -Wformat -Wformat-security -fstack-protector --param ssp-buffer-size=4 -fdebug-prefix-map==/_/github.com/miekg/pkcs11@v1.1.1 -o /tmp/go-build2856608149/b648/_cgo_main.o -c _cgo_main.c
[ccld] cc -I /scratch/pawsey0001/ilkhom/setonix/2024.03/software/ilkhom/build_stage/spack-stage-singularityce-3.11.4-wrb7ejd72lfcyzmxib5vik7whetakahi/src/github.com/sylabs/singularity/vendor/github.com/miekg/pkcs11 -fPIC -m64 -pthread -Wl,--no-gc-sections -fmessage-length=0 -fdebug-prefix-map=/tmp/go-build2856608149/b648=/tmp/go-build -gno-record-gcc-switches -o /tmp/go-build2856608149/b648/_cgo_.o /tmp/go-build2856608149/b648/_cgo_main.o /tmp/go-build2856608149/b648/preferlinkext /tmp/go-build2856608149/b648/_x001.o /tmp/go-build2856608149/b648/_x002.o /tmp/go-build2856608149/b648/_x003.o /tmp/go-build2856608149/b648/_x004.o -g -O2 -ldl
[cpp] cc -E -dM -m64 -I /tmp/go-build2856608149/b512/ -O2 -D_FORTIFY_SOURCE=2 -Wformat -Wformat-security -fstack-protector --param ssp-buffer-size=4 -Wall -I . /tmp/cgo-gcc-input-3208992176.c
[cc] cc -w -Wno-error -o/tmp/go-build2856608149/b512//_cgo_.o -gdwarf-2 -c -I /tmp/go-build2856608149/b512/ -D_FORTIFY_SOURCE=2 -Wformat -Wformat-security -fstack-protector --param ssp-buffer-size=4 -Wall -m64 -fno-lto -O0 -fdiagnostics-color=never -I . /tmp/cgo-gcc-input-123414603.c
[cc] cc -w -Wno-error -o/tmp/go-build2856608149/b512//_cgo_.o -gdwarf-2 -c -I /tmp/go-build2856608149/b512/ -O2 -D_FORTIFY_SOURCE=2 -Wformat -Wformat-security -fstack-protector --param ssp-buffer-size=4 -Wall -m64 -fno-lto -I . /tmp/cgo-gcc-input-3789804464.c
[cc] cc -w -Wno-error -o/tmp/go-build2856608149/b512//_cgo_.o -gdwarf-2 -c -I /tmp/go-build2856608149/b512/ -D_FORTIFY_SOURCE=2 -Wformat -Wformat-security -fstack-protector --param ssp-buffer-size=4 -Wall -m64 -fno-lto -O0 -fdiagnostics-color=never -I . /tmp/cgo-gcc-input-2502052284.c
[cc] cc -w -Wno-error -o/tmp/go-build2856608149/b512//_cgo_.o -gdwarf-2 -c -I /tmp/go-build2856608149/b512/ -O2 -D_FORTIFY_SOURCE=2 -Wformat -Wformat-security -fstack-protector --param ssp-buffer-size=4 -Wall -m64 -fno-lto -I . /tmp/cgo-gcc-input-2737274383.c
[cpp] cc -E -dM -m64 -I /tmp/go-build2856608149/b512/ -O2 -D_FORTIFY_SOURCE=2 -Wformat -Wformat-security -fstack-protector --param ssp-buffer-size=4 -Wall -I . /tmp/cgo-gcc-input-1005979433.c
[cc] cc -I /scratch/pawsey0001/ilkhom/setonix/2024.03/software/ilkhom/build_stage/spack-stage-singularityce-3.11.4-wrb7ejd72lfcyzmxib5vik7whetakahi/src/github.com/sylabs/singularity/vendor/github.com/containers/storage/pkg/unshare -fPIC -m64 -pthread -Wl,--no-gc-sections -fmessage-length=0 -fdebug-prefix-map=/tmp/go-build2856608149/b512=/tmp/go-build -gno-record-gcc-switches -I /tmp/go-build2856608149/b512/ -O2 -D_FORTIFY_SOURCE=2 -Wformat -Wformat-security -fstack-protector --param ssp-buffer-size=4 -Wall -fdebug-prefix-map==/_/github.com/containers/storage@v1.46.1 -o /tmp/go-build2856608149/b512/_x001.o -c _cgo_export.c
[cc] cc -I /scratch/pawsey0001/ilkhom/setonix/2024.03/software/ilkhom/build_stage/spack-stage-singularityce-3.11.4-wrb7ejd72lfcyzmxib5vik7whetakahi/src/github.com/sylabs/singularity/vendor/github.com/containers/storage/pkg/unshare -fPIC -m64 -pthread -Wl,--no-gc-sections -fmessage-length=0 -fdebug-prefix-map=/tmp/go-build2856608149/b512=/tmp/go-build -gno-record-gcc-switches -I /tmp/go-build2856608149/b512/ -O2 -D_FORTIFY_SOURCE=2 -Wformat -Wformat-security -fstack-protector --param ssp-buffer-size=4 -Wall -fdebug-prefix-map==/_/github.com/containers/storage@v1.46.1 -o /tmp/go-build2856608149/b512/_x002.o -c getenv_linux_cgo.cgo2.c
[cc] cc -I /scratch/pawsey0001/ilkhom/setonix/2024.03/software/ilkhom/build_stage/spack-stage-singularityce-3.11.4-wrb7ejd72lfcyzmxib5vik7whetakahi/src/github.com/sylabs/singularity/vendor/github.com/containers/storage/pkg/unshare -fPIC -m64 -pthread -Wl,--no-gc-sections -fmessage-length=0 -fdebug-prefix-map=/tmp/go-build2856608149/b512=/tmp/go-build -gno-record-gcc-switches -I /tmp/go-build2856608149/b512/ -O2 -D_FORTIFY_SOURCE=2 -Wformat -Wformat-security -fstack-protector --param ssp-buffer-size=4 -Wall -fdebug-prefix-map==/_/github.com/containers/storage@v1.46.1 -o /tmp/go-build2856608149/b512/_x003.o -c unshare_cgo.cgo2.c
[cc] cc -I /scratch/pawsey0001/ilkhom/setonix/2024.03/software/ilkhom/build_stage/spack-stage-singularityce-3.11.4-wrb7ejd72lfcyzmxib5vik7whetakahi/src/github.com/sylabs/singularity/vendor/github.com/containers/storage/pkg/unshare -fPIC -m64 -pthread -Wl,--no-gc-sections -fmessage-length=0 -fdebug-prefix-map=/tmp/go-build2856608149/b512=/tmp/go-build -gno-record-gcc-switches -I /tmp/go-build2856608149/b512/ -O2 -D_FORTIFY_SOURCE=2 -Wformat -Wformat-security -fstack-protector --param ssp-buffer-size=4 -Wall -fdebug-prefix-map==/_/github.com/containers/storage@v1.46.1 -o /tmp/go-build2856608149/b512/_x004.o -c unshare.c
[cc] cc -I /scratch/pawsey0001/ilkhom/setonix/2024.03/software/ilkhom/build_stage/spack-stage-singularityce-3.11.4-wrb7ejd72lfcyzmxib5vik7whetakahi/src/github.com/sylabs/singularity/vendor/github.com/containers/storage/pkg/unshare -fPIC -m64 -pthread -Wl,--no-gc-sections -fmessage-length=0 -fdebug-prefix-map=/tmp/go-build2856608149/b512=/tmp/go-build -gno-record-gcc-switches -I /tmp/go-build2856608149/b512/ -O2 -D_FORTIFY_SOURCE=2 -Wformat -Wformat-security -fstack-protector --param ssp-buffer-size=4 -Wall -fdebug-prefix-map==/_/github.com/containers/storage@v1.46.1 -o /tmp/go-build2856608149/b512/_cgo_main.o -c _cgo_main.c
[ccld] cc -I /scratch/pawsey0001/ilkhom/setonix/2024.03/software/ilkhom/build_stage/spack-stage-singularityce-3.11.4-wrb7ejd72lfcyzmxib5vik7whetakahi/src/github.com/sylabs/singularity/vendor/github.com/containers/storage/pkg/unshare -fPIC -m64 -pthread -Wl,--no-gc-sections -fmessage-length=0 -fdebug-prefix-map=/tmp/go-build2856608149/b512=/tmp/go-build -gno-record-gcc-switches -o /tmp/go-build2856608149/b512/_cgo_.o /tmp/go-build2856608149/b512/_cgo_main.o /tmp/go-build2856608149/b512/preferlinkext /tmp/go-build2856608149/b512/_x001.o /tmp/go-build2856608149/b512/_x002.o /tmp/go-build2856608149/b512/_x003.o /tmp/go-build2856608149/b512/_x004.o -g -O2
